#
# A fatal error has been detected by the Java Runtime Environment:
#
#  EXCEPTION_ACCESS_VIOLATION (0xc0000005) at pc=0x00007fff61451689, pid=9760, tid=8144
#
# JRE version:  (11.0.10+8) (build )
# Java VM: Java HotSpot(TM) 64-Bit Server VM (11.0.10+8-LTS-162, mixed mode, tiered, compressed oops, g1 gc, windows-amd64)
# Problematic frame:
# C  [VCRUNTIME140.dll+0x1689]
#
# No core dump will be written. Minidumps are not enabled by default on client versions of Windows
#
#

---------------  S U M M A R Y ------------

Command Line: -Dfile.encoding=UTF-8 Main

Host: Intel(R) Core(TM) i5-8250U CPU @ 1.60GHz, 8 cores, 7G,  Windows 10 , 64 bit Build 19041 (10.0.19041.928)
Time: Tue May 11 14:25:42 2021 Hora oficial do Brasil elapsed time: 0.123781 seconds (0d 0h 0m 0s)

---------------  T H R E A D  ---------------

Current thread (0x000001fa0eed5000):  JavaThread "Unknown thread" [_thread_in_vm, id=8144, stack(0x000000ae8a700000,0x000000ae8a800000)]

Stack: [0x000000ae8a700000,0x000000ae8a800000],  sp=0x000000ae8a7fee80,  free space=1019k
Native frames: (J=compiled Java code, j=interpreted, Vv=VM code, C=native code)
C  [VCRUNTIME140.dll+0x1689]
V  [jvm.dll+0x600a79]
V  [jvm.dll+0x747e88]
V  [jvm.dll+0x747354]
V  [jvm.dll+0x5be465]
V  [jvm.dll+0x5bf362]
V  [jvm.dll+0x7295d3]
V  [jvm.dll+0x34c4a9]
V  [jvm.dll+0x70d6b0]
V  [jvm.dll+0x3b584f]
V  [jvm.dll+0x3b7951]
C  [jli.dll+0x520b]
C  [ucrtbase.dll+0x21bb2]
C  [KERNEL32.DLL+0x17034]
C  [ntdll.dll+0x52651]


siginfo: EXCEPTION_ACCESS_VIOLATION (0xc0000005), writing address 0x0000000000000000


Registers:
RAX=0x0000000000000000, RBX=0x000001fa2fa2da70, RCX=0x0000000000020000, RDX=0x0000000000000000
RSP=0x000000ae8a7fee80, RBP=0x0000000000000001, RSI=0x000001fa2fa2da70, RDI=0x0000000000000000
R8 =0x0000000000020000, R9 =0x0000000000000000, R10=0x0000000000000013, R11=0x0000000000000000
R12=0x0000000100000000, R13=0x00007fff09ab1b30, R14=0x0000000000000000, R15=0x0000000000000000
RIP=0x00007fff61451689, EFLAGS=0x0000000000010203

Top of Stack: (sp=0x000000ae8a7fee80)
0x000000ae8a7fee80:   0000000000000000 00007fff09af0a79
0x000000ae8a7fee90:   0000000000000001 000001fa2fa2da70
0x000000ae8a7feea0:   000001fa2fa2da70 0000000000000000
0x000000ae8a7feeb0:   000001fa0eed6a50 00007fff09c37e88
0x000000ae8a7feec0:   000001fa0eed6a50 000001fa0eed6a50
0x000000ae8a7feed0:   0000000000000000 0000000000000000
0x000000ae8a7feee0:   0000000100000000 0000000040000000
0x000000ae8a7feef0:   0000000000000000 0000000000010000
0x000000ae8a7fef00:   ffffffff00000000 000001fa0ed31000
0x000000ae8a7fef10:   000001fa0eecfc70 00007fff09c37354
0x000000ae8a7fef20:   000000ae8a7feff0 000001fa0eed6a50
0x000000ae8a7fef30:   000001fa2fa2e130 0000000000000000
0x000000ae8a7fef40:   000001fa0ed30a38 00007fff09aae465
0x000000ae8a7fef50:   0000000000000000 000000ae8a7ff050
0x000000ae8a7fef60:   0000000000000000 0000000100000000
0x000000ae8a7fef70:   0000000100000000 0000000000000000 

Instructions: (pc=0x00007fff61451689)
0x00007fff61451669:   cc cc cc cc cc cc cc cc cc cc cc cc cc 66 66 0f
0x00007fff61451679:   1f 84 00 00 00 00 00 57 8b c2 48 8b f9 49 8b c8
0x00007fff61451689:   f3 aa 49 8b c3 5f c3 cc cc cc cc cc cc 66 66 0f
0x00007fff61451699:   1f 84 00 00 00 00 00 4c 8b d9 0f b6 d2 49 b9 01 



---------------  P R O C E S S  ---------------

Threads class SMR info:
_java_thread_list=0x000001fa0ed30ed0, length=0, elements={
}

Java Threads: ( => current thread )

Other Threads:
  0x000001fa0eeea000 GCTaskThread "GC Thread#0" [stack: 0x000000ae8a800000,0x000000ae8a900000] [id=6960]
  0x000001fa0ef19800 ConcurrentGCThread "G1 Main Marker" [stack: 0x000000ae8a900000,0x000000ae8aa00000] [id=6720]
  0x000001fa0ef1c000 ConcurrentGCThread "G1 Conc#0" [stack: 0x000000ae8aa00000,0x000000ae8ab00000] [id=6328]
  0x000001fa0efbd800 ConcurrentGCThread "G1 Refine#0" [stack: 0x000000ae8ab00000,0x000000ae8ac00000] [id=12320]
  0x000001fa2fa2e800 ConcurrentGCThread "G1 Young RemSet Sampling" [stack: 0x000000ae8ac00000,0x000000ae8ad00000] [id=12520]

=>0x000001fa0eed5000 (exited) JavaThread "Unknown thread" [_thread_in_vm, id=8144, stack(0x000000ae8a700000,0x000000ae8a800000)]

Threads with active compile tasks:

VM state:not at safepoint (not fully initialized)

VM Mutex/Monitor currently owned by a thread:  ([mutex/lock_event])
[0x000001fa0eecfc70] MetaspaceExpand_lock - owner thread: 0x000001fa0eed5000

Heap address: 0x0000000081e00000, size: 2018 MB, Compressed Oops mode: 32-bit
Narrow klass base: 0x0000000000000000, Narrow klass shift: 3

GC Heap History (0 events):
No events

Deoptimization events (0 events):
No events

Classes redefined (0 events):
No events

Internal exceptions (0 events):
No events

Events (0 events):
No events


Dynamic libraries:
0x00007ff7791c0000 - 0x00007ff7791cf000 	C:\Program Files\Java\jdk-11.0.10\bin\java.exe
0x00007fff68230000 - 0x00007fff68425000 	C:\WINDOWS\SYSTEM32\ntdll.dll
0x00007fff679d0000 - 0x00007fff67a8d000 	C:\WINDOWS\System32\KERNEL32.DLL
0x00007fff65d00000 - 0x00007fff65fc8000 	C:\WINDOWS\System32\KERNELBASE.dll
0x00007fff65bb0000 - 0x00007fff65cb0000 	C:\WINDOWS\System32\ucrtbase.dll
0x00007fff61450000 - 0x00007fff61465000 	C:\Program Files\Java\jdk-11.0.10\bin\VCRUNTIME140.dll
0x00007fff52170000 - 0x00007fff52188000 	C:\Program Files\Java\jdk-11.0.10\bin\jli.dll
0x00007fff662f0000 - 0x00007fff6639c000 	C:\WINDOWS\System32\ADVAPI32.dll
0x00007fff67aa0000 - 0x00007fff67b3e000 	C:\WINDOWS\System32\msvcrt.dll
0x00007fff66610000 - 0x00007fff666ab000 	C:\WINDOWS\System32\sechost.dll
0x00007fff676a0000 - 0x00007fff677cb000 	C:\WINDOWS\System32\RPCRT4.dll
0x00007fff663a0000 - 0x00007fff66540000 	C:\WINDOWS\System32\USER32.dll
0x00007fff65a20000 - 0x00007fff65a42000 	C:\WINDOWS\System32\win32u.dll
0x00007fff46ca0000 - 0x00007fff46f3a000 	C:\WINDOWS\WinSxS\amd64_microsoft.windows.common-controls_6595b64144ccf1df_6.0.19041.844_none_ca00b6081b84eb1d\COMCTL32.dll
0x00007fff67860000 - 0x00007fff6788a000 	C:\WINDOWS\System32\GDI32.dll
0x00007fff66180000 - 0x00007fff6628b000 	C:\WINDOWS\System32\gdi32full.dll
0x00007fff66060000 - 0x00007fff660fd000 	C:\WINDOWS\System32\msvcp_win.dll
0x00007fff5e1b0000 - 0x00007fff5e1ba000 	C:\WINDOWS\SYSTEM32\VERSION.dll
0x00007fff67fb0000 - 0x00007fff67fe0000 	C:\WINDOWS\System32\IMM32.DLL
0x00007fff4f280000 - 0x00007fff4f31b000 	C:\Program Files\Java\jdk-11.0.10\bin\msvcp140.dll
0x00007fff094f0000 - 0x00007fff09feb000 	C:\Program Files\Java\jdk-11.0.10\bin\server\jvm.dll
0x00007fff666b0000 - 0x00007fff666b8000 	C:\WINDOWS\System32\PSAPI.DLL
0x00007fff628b0000 - 0x00007fff628b9000 	C:\WINDOWS\SYSTEM32\WSOCK32.dll
0x00007fff5b900000 - 0x00007fff5b927000 	C:\WINDOWS\SYSTEM32\WINMM.dll
0x00007fff66da0000 - 0x00007fff66e0b000 	C:\WINDOWS\System32\WS2_32.dll
0x00007fff638b0000 - 0x00007fff638c2000 	C:\WINDOWS\SYSTEM32\kernel.appcore.dll
0x00007fff614e0000 - 0x00007fff614f0000 	C:\Program Files\Java\jdk-11.0.10\bin\verify.dll
0x00007fff4e990000 - 0x00007fff4eb74000 	C:\WINDOWS\SYSTEM32\DBGHELP.DLL
0x00007fff54250000 - 0x00007fff5427c000 	C:\WINDOWS\SYSTEM32\dbgcore.DLL
0x00007fff66100000 - 0x00007fff66180000 	C:\WINDOWS\System32\bcryptPrimitives.dll
0x00007fff60820000 - 0x00007fff60848000 	C:\Program Files\Java\jdk-11.0.10\bin\java.dll
0x00007fff606c0000 - 0x00007fff606ca000 	C:\Program Files\Java\jdk-11.0.10\bin\jimage.dll
0x00007fff5cfc0000 - 0x00007fff5cfd6000 	C:\Program Files\Java\jdk-11.0.10\bin\zip.dll

dbghelp: loaded successfully - version: 4.0.5 - missing functions: none
symbol engine: initialized successfully - sym options: 0x614 - pdb path: .;C:\Program Files\Java\jdk-11.0.10\bin;C:\WINDOWS\SYSTEM32;C:\WINDOWS\WinSxS\amd64_microsoft.windows.common-controls_6595b64144ccf1df_6.0.19041.844_none_ca00b6081b84eb1d;C:\Program Files\Java\jdk-11.0.10\bin\server

VM Arguments:
jvm_args: -Dfile.encoding=UTF-8 
java_command: Main
java_class_path (initial): C:\Users\nicol\OneDrive - UNIP\3ºSemestre\LPOO ou Java1\Atividade Aula\fonte meus\APS_Reciclagem\build\classes
Launcher Type: SUN_STANDARD

[Global flags]
     intx CICompilerCount                          = 4                                         {product} {ergonomic}
     uint ConcGCThreads                            = 2                                         {product} {ergonomic}
     uint G1ConcRefinementThreads                  = 8                                         {product} {ergonomic}
   size_t G1HeapRegionSize                         = 1048576                                   {product} {ergonomic}
    uintx GCDrainStackTargetSize                   = 64                                        {product} {ergonomic}
   size_t InitialHeapSize                          = 134217728                                 {product} {ergonomic}
   size_t MarkStackSize                            = 4194304                                   {product} {ergonomic}
   size_t MaxHeapSize                              = 2116026368                                {product} {ergonomic}
   size_t MaxNewSize                               = 1268776960                                {product} {ergonomic}
   size_t MinHeapDeltaBytes                        = 1048576                                   {product} {ergonomic}
    uintx NonNMethodCodeHeapSize                   = 5836300                                {pd product} {ergonomic}
    uintx NonProfiledCodeHeapSize                  = 122910970                              {pd product} {ergonomic}
    uintx ProfiledCodeHeapSize                     = 122910970                              {pd product} {ergonomic}
    uintx ReservedCodeCacheSize                    = 251658240                              {pd product} {ergonomic}
     bool SegmentedCodeCache                       = true                                      {product} {ergonomic}
     bool UseCompressedClassPointers               = true                                 {lp64_product} {ergonomic}
     bool UseCompressedOops                        = true                                 {lp64_product} {ergonomic}
     bool UseG1GC                                  = true                                      {product} {ergonomic}
     bool UseLargePagesIndividualAllocation        = false                                  {pd product} {ergonomic}

Logging:
Log output configuration:
 #0: stdout all=warning uptime,level,tags
 #1: stderr all=off uptime,level,tags

Environment Variables:
PATH=C:\Program Files\Common Files\Oracle\Java\javapath;C:\Program Files (x86)\Common Files\Oracle\Java\javapath;C:\Program Files (x86)\Intel\Intel(R) Management Engine Components\iCLS\;C:\Program Files\Intel\Intel(R) Management Engine Components\iCLS\;C:\WINDOWS\system32;C:\WINDOWS;C:\WINDOWS\System32\Wbem;C:\WINDOWS\System32\WindowsPowerShell\v1.0\;C:\WINDOWS\System32\OpenSSH\;C:\Program Files (x86)\Intel\Intel(R) Management Engine Components\DAL;C:\Program Files\Intel\Intel(R) Management Engine Components\DAL;C:\Program Files (x86)\Intel\Intel(R) Management Engine Components\IPT;C:\Program Files\Intel\Intel(R) Management Engine Components\IPT;C:\Program Files (x86)\Microsoft SQL Server\150\DTS\Binn\;C:\Program Files\Azure Data Studio\bin;C:\Program Files\Microsoft SQL Server\Client SDK\ODBC\170\Tools\Binn\;C:\Program Files (x86)\Microsoft SQL Server\150\Tools\Binn\;C:\Program Files\Microsoft SQL Server\150\Tools\Binn\;C:\Program Files\Microsoft SQL Server\150\DTS\Binn\;C:\Users\nicol\AppData\Local\Microsoft\WindowsApps;C:\Users\nicol\AppData\Local\GitHubDesktop\bin;C:\Users\nicol\AppData\Local\Programs\Microsoft VS Code\bin;C:\Program Files\Azure Data Studio\bin
USERNAME=nicol
OS=Windows_NT
PROCESSOR_IDENTIFIER=Intel64 Family 6 Model 142 Stepping 10, GenuineIntel



---------------  S Y S T E M  ---------------

OS: Windows 10 , 64 bit Build 19041 (10.0.19041.928)

CPU:total 8 (initial active 8) (4 cores per cpu, 2 threads per core) family 6 model 142 stepping 10 microcode 0xe0, cmov, cx8, fxsr, mmx, sse, sse2, sse3, ssse3, sse4.1, sse4.2, popcnt, avx, avx2, aes, clmul, erms, 3dnowpref, lzcnt, ht, tsc, tscinvbit, bmi1, bmi2, adx, fma

Memory: 4k page, system-wide physical 8067M (910M free)
TotalPageFile size 8067M (AvailPageFile size 4M)
current process WorkingSet (physical memory assigned to process): 15M, peak: 15M
current process commit charge ("private bytes"): 194M, peak: 194M

vm_info: Java HotSpot(TM) 64-Bit Server VM (11.0.10+8-LTS-162) for windows-amd64 JRE (11.0.10+8-LTS-162), built on Dec  8 2020 16:32:57 by "mach5one" with MS VC++ 15.9 (VS2017)

END.
