#
# There is insufficient memory for the Java Runtime Environment to continue.
# Native memory allocation (malloc) failed to allocate 1195376 bytes for Chunk::new
# Possible reasons:
#   The system is out of physical RAM or swap space
#   The process is running with CompressedOops enabled, and the Java Heap may be blocking the growth of the native heap
# Possible solutions:
#   Reduce memory load on the system
#   Increase physical memory or swap space
#   Check if swap backing store is full
#   Decrease Java heap size (-Xmx/-Xms)
#   Decrease number of Java threads
#   Decrease Java thread stack sizes (-Xss)
#   Set larger code cache with -XX:ReservedCodeCacheSize=
#   JVM is running with Unscaled Compressed Oops mode in which the Java heap is
#     placed in the first 4GB address space. The Java Heap base address is the
#     maximum limit for the native heap growth. Please use -XX:HeapBaseMinAddress
#     to set the Java Heap base and to place the Java Heap above 4GB virtual address.
# This output file may be truncated or incomplete.
#
#  Out of Memory Error (./open/src/hotspot/share/memory/arena.cpp:197), pid=10996, tid=8216
#
# JRE version: Java(TM) SE Runtime Environment 18.9 (11.0.10+8) (build 11.0.10+8-LTS-162)
# Java VM: Java HotSpot(TM) 64-Bit Server VM 18.9 (11.0.10+8-LTS-162, mixed mode, tiered, compressed oops, g1 gc, windows-amd64)
# No core dump will be written. Minidumps are not enabled by default on client versions of Windows
#

---------------  S U M M A R Y ------------

Command Line: -Dfile.encoding=UTF-8 Main

Host: Intel(R) Core(TM) i5-8250U CPU @ 1.60GHz, 8 cores, 7G,  Windows 10 , 64 bit Build 19041 (10.0.19041.928)
Time: Tue May 11 14:28:34 2021 Hora oficial do Brasil elapsed time: 0.281794 seconds (0d 0h 0m 0s)

---------------  T H R E A D  ---------------

Current thread (0x000002a0ffa4a800):  JavaThread "C2 CompilerThread0" daemon [_thread_in_native, id=8216, stack(0x000000abe2400000,0x000000abe2500000)]


Current CompileTask:
C2:    281  476       4       jdk.internal.org.objectweb.asm.Frame::execute (2264 bytes)

Stack: [0x000000abe2400000,0x000000abe2500000]
Native frames: (J=compiled Java code, j=interpreted, Vv=VM code, C=native code)
V  [jvm.dll+0x613e6a]
V  [jvm.dll+0x74c1ff]
V  [jvm.dll+0x74d885]
V  [jvm.dll+0x74df03]
V  [jvm.dll+0x243b78]
V  [jvm.dll+0xba2cc]
V  [jvm.dll+0xba9cc]
V  [jvm.dll+0x3469c7]
V  [jvm.dll+0x3147d3]
V  [jvm.dll+0x313b1a]
V  [jvm.dll+0x1fd395]
V  [jvm.dll+0x1fc54f]
V  [jvm.dll+0x17f09c]
V  [jvm.dll+0x20bbd4]
V  [jvm.dll+0x209cab]
V  [jvm.dll+0x713619]
V  [jvm.dll+0x70c314]
V  [jvm.dll+0x613036]
C  [ucrtbase.dll+0x21bb2]
C  [KERNEL32.DLL+0x17034]
C  [ntdll.dll+0x52651]


---------------  P R O C E S S  ---------------

Threads class SMR info:
_java_thread_list=0x000002a084a6c010, length=15, elements={
0x000002a0e44a5000, 0x000002a0ffa31800, 0x000002a0ffa33800, 0x000002a0ffbd2800,
0x000002a0ffa48000, 0x000002a0ffa4a800, 0x000002a0ffbf4800, 0x000002a0ffa50800,
0x000002a0ffd43800, 0x000002a0ffd5a800, 0x000002a084a00000, 0x000002a0848a1000,
0x000002a0848a2000, 0x000002a084941800, 0x000002a084977800
}

Java Threads: ( => current thread )
  0x000002a0e44a5000 JavaThread "main" [_thread_in_native, id=10928, stack(0x000000abe1900000,0x000000abe1a00000)]
  0x000002a0ffa31800 JavaThread "Reference Handler" daemon [_thread_blocked, id=7508, stack(0x000000abe2000000,0x000000abe2100000)]
  0x000002a0ffa33800 JavaThread "Finalizer" daemon [_thread_blocked, id=10408, stack(0x000000abe2100000,0x000000abe2200000)]
  0x000002a0ffbd2800 JavaThread "Signal Dispatcher" daemon [_thread_blocked, id=2452, stack(0x000000abe2200000,0x000000abe2300000)]
  0x000002a0ffa48000 JavaThread "Attach Listener" daemon [_thread_blocked, id=7540, stack(0x000000abe2300000,0x000000abe2400000)]
=>0x000002a0ffa4a800 JavaThread "C2 CompilerThread0" daemon [_thread_in_native, id=8216, stack(0x000000abe2400000,0x000000abe2500000)]
  0x000002a0ffbf4800 JavaThread "C1 CompilerThread0" daemon [_thread_blocked, id=12696, stack(0x000000abe2500000,0x000000abe2600000)]
  0x000002a0ffa50800 JavaThread "Sweeper thread" daemon [_thread_blocked, id=13196, stack(0x000000abe2600000,0x000000abe2700000)]
  0x000002a0ffd43800 JavaThread "Service Thread" daemon [_thread_blocked, id=12236, stack(0x000000abe2700000,0x000000abe2800000)]
  0x000002a0ffd5a800 JavaThread "Common-Cleaner" daemon [_thread_blocked, id=11520, stack(0x000000abe2900000,0x000000abe2a00000)]
  0x000002a084a00000 JavaThread "Java2D Disposer" daemon [_thread_blocked, id=2868, stack(0x000000abe2a00000,0x000000abe2b00000)]
  0x000002a0848a1000 JavaThread "AWT-Shutdown" [_thread_blocked, id=5604, stack(0x000000abe2b00000,0x000000abe2c00000)]
  0x000002a0848a2000 JavaThread "AWT-Windows" daemon [_thread_in_native, id=452, stack(0x000000abe2c00000,0x000000abe2d00000)]
  0x000002a084941800 JavaThread "C2 CompilerThread1" daemon [_thread_blocked, id=11168, stack(0x000000abe2d00000,0x000000abe2e00000)]
  0x000002a084977800 JavaThread "Image Fetcher 0" daemon [_thread_blocked, id=7988, stack(0x000000abe2e00000,0x000000abe2f00000)]

Other Threads:
  0x000002a0ffa2f000 VMThread "VM Thread" [stack: 0x000000abe1f00000,0x000000abe2000000] [id=4364]
  0x000002a0ffd51000 WatcherThread [stack: 0x000000abe2800000,0x000000abe2900000] [id=9460]
  0x000002a0e44ba000 GCTaskThread "GC Thread#0" [stack: 0x000000abe1a00000,0x000000abe1b00000] [id=7556]
  0x000002a0e44e9800 ConcurrentGCThread "G1 Main Marker" [stack: 0x000000abe1b00000,0x000000abe1c00000] [id=4584]
  0x000002a0e44ec000 ConcurrentGCThread "G1 Conc#0" [stack: 0x000000abe1c00000,0x000000abe1d00000] [id=12156]
  0x000002a0e458e000 ConcurrentGCThread "G1 Refine#0" [stack: 0x000000abe1d00000,0x000000abe1e00000] [id=1216]
  0x000002a0ff873800 ConcurrentGCThread "G1 Young RemSet Sampling" [stack: 0x000000abe1e00000,0x000000abe1f00000] [id=10220]

Threads with active compile tasks:
C2 CompilerThread0    348  476       4       jdk.internal.org.objectweb.asm.Frame::execute (2264 bytes)

VM state:not at safepoint (normal execution)

VM Mutex/Monitor currently owned by a thread: None

Heap address: 0x0000000081e00000, size: 2018 MB, Compressed Oops mode: 32-bit
Narrow klass base: 0x0000000000000000, Narrow klass shift: 3
Compressed class space size: 1073741824 Address: 0x0000000100000000

Heap:
 garbage-first heap   total 131072K, used 8192K [0x0000000081e00000, 0x0000000100000000)
  region size 1024K, 9 young (9216K), 0 survivors (0K)
 Metaspace       used 11613K, capacity 11949K, committed 12160K, reserved 1067008K
  class space    used 1180K, capacity 1340K, committed 1408K, reserved 1048576K
Heap Regions: E=young(eden), S=young(survivor), O=old, HS=humongous(starts), HC=humongous(continues), CS=collection set, F=free, A=archive, TAMS=top-at-mark-start (previous, next)
|   0|0x0000000081e00000, 0x0000000081e00000, 0x0000000081f00000|  0%| F|  |TAMS 0x0000000081e00000, 0x0000000081e00000| Untracked 
|   1|0x0000000081f00000, 0x0000000081f00000, 0x0000000082000000|  0%| F|  |TAMS 0x0000000081f00000, 0x0000000081f00000| Untracked 
|   2|0x0000000082000000, 0x0000000082000000, 0x0000000082100000|  0%| F|  |TAMS 0x0000000082000000, 0x0000000082000000| Untracked 
|   3|0x0000000082100000, 0x0000000082100000, 0x0000000082200000|  0%| F|  |TAMS 0x0000000082100000, 0x0000000082100000| Untracked 
|   4|0x0000000082200000, 0x0000000082200000, 0x0000000082300000|  0%| F|  |TAMS 0x0000000082200000, 0x0000000082200000| Untracked 
|   5|0x0000000082300000, 0x0000000082300000, 0x0000000082400000|  0%| F|  |TAMS 0x0000000082300000, 0x0000000082300000| Untracked 
|   6|0x0000000082400000, 0x0000000082400000, 0x0000000082500000|  0%| F|  |TAMS 0x0000000082400000, 0x0000000082400000| Untracked 
|   7|0x0000000082500000, 0x0000000082500000, 0x0000000082600000|  0%| F|  |TAMS 0x0000000082500000, 0x0000000082500000| Untracked 
|   8|0x0000000082600000, 0x0000000082600000, 0x0000000082700000|  0%| F|  |TAMS 0x0000000082600000, 0x0000000082600000| Untracked 
|   9|0x0000000082700000, 0x0000000082700000, 0x0000000082800000|  0%| F|  |TAMS 0x0000000082700000, 0x0000000082700000| Untracked 
|  10|0x0000000082800000, 0x0000000082800000, 0x0000000082900000|  0%| F|  |TAMS 0x0000000082800000, 0x0000000082800000| Untracked 
|  11|0x0000000082900000, 0x0000000082900000, 0x0000000082a00000|  0%| F|  |TAMS 0x0000000082900000, 0x0000000082900000| Untracked 
|  12|0x0000000082a00000, 0x0000000082a00000, 0x0000000082b00000|  0%| F|  |TAMS 0x0000000082a00000, 0x0000000082a00000| Untracked 
|  13|0x0000000082b00000, 0x0000000082b00000, 0x0000000082c00000|  0%| F|  |TAMS 0x0000000082b00000, 0x0000000082b00000| Untracked 
|  14|0x0000000082c00000, 0x0000000082c00000, 0x0000000082d00000|  0%| F|  |TAMS 0x0000000082c00000, 0x0000000082c00000| Untracked 
|  15|0x0000000082d00000, 0x0000000082d00000, 0x0000000082e00000|  0%| F|  |TAMS 0x0000000082d00000, 0x0000000082d00000| Untracked 
|  16|0x0000000082e00000, 0x0000000082e00000, 0x0000000082f00000|  0%| F|  |TAMS 0x0000000082e00000, 0x0000000082e00000| Untracked 
|  17|0x0000000082f00000, 0x0000000082f00000, 0x0000000083000000|  0%| F|  |TAMS 0x0000000082f00000, 0x0000000082f00000| Untracked 
|  18|0x0000000083000000, 0x0000000083000000, 0x0000000083100000|  0%| F|  |TAMS 0x0000000083000000, 0x0000000083000000| Untracked 
|  19|0x0000000083100000, 0x0000000083100000, 0x0000000083200000|  0%| F|  |TAMS 0x0000000083100000, 0x0000000083100000| Untracked 
|  20|0x0000000083200000, 0x0000000083200000, 0x0000000083300000|  0%| F|  |TAMS 0x0000000083200000, 0x0000000083200000| Untracked 
|  21|0x0000000083300000, 0x0000000083300000, 0x0000000083400000|  0%| F|  |TAMS 0x0000000083300000, 0x0000000083300000| Untracked 
|  22|0x0000000083400000, 0x0000000083400000, 0x0000000083500000|  0%| F|  |TAMS 0x0000000083400000, 0x0000000083400000| Untracked 
|  23|0x0000000083500000, 0x0000000083500000, 0x0000000083600000|  0%| F|  |TAMS 0x0000000083500000, 0x0000000083500000| Untracked 
|  24|0x0000000083600000, 0x0000000083600000, 0x0000000083700000|  0%| F|  |TAMS 0x0000000083600000, 0x0000000083600000| Untracked 
|  25|0x0000000083700000, 0x0000000083700000, 0x0000000083800000|  0%| F|  |TAMS 0x0000000083700000, 0x0000000083700000| Untracked 
|  26|0x0000000083800000, 0x0000000083800000, 0x0000000083900000|  0%| F|  |TAMS 0x0000000083800000, 0x0000000083800000| Untracked 
|  27|0x0000000083900000, 0x0000000083900000, 0x0000000083a00000|  0%| F|  |TAMS 0x0000000083900000, 0x0000000083900000| Untracked 
|  28|0x0000000083a00000, 0x0000000083a00000, 0x0000000083b00000|  0%| F|  |TAMS 0x0000000083a00000, 0x0000000083a00000| Untracked 
|  29|0x0000000083b00000, 0x0000000083b00000, 0x0000000083c00000|  0%| F|  |TAMS 0x0000000083b00000, 0x0000000083b00000| Untracked 
|  30|0x0000000083c00000, 0x0000000083c00000, 0x0000000083d00000|  0%| F|  |TAMS 0x0000000083c00000, 0x0000000083c00000| Untracked 
|  31|0x0000000083d00000, 0x0000000083d00000, 0x0000000083e00000|  0%| F|  |TAMS 0x0000000083d00000, 0x0000000083d00000| Untracked 
|  32|0x0000000083e00000, 0x0000000083e00000, 0x0000000083f00000|  0%| F|  |TAMS 0x0000000083e00000, 0x0000000083e00000| Untracked 
|  33|0x0000000083f00000, 0x0000000083f00000, 0x0000000084000000|  0%| F|  |TAMS 0x0000000083f00000, 0x0000000083f00000| Untracked 
|  34|0x0000000084000000, 0x0000000084000000, 0x0000000084100000|  0%| F|  |TAMS 0x0000000084000000, 0x0000000084000000| Untracked 
|  35|0x0000000084100000, 0x0000000084100000, 0x0000000084200000|  0%| F|  |TAMS 0x0000000084100000, 0x0000000084100000| Untracked 
|  36|0x0000000084200000, 0x0000000084200000, 0x0000000084300000|  0%| F|  |TAMS 0x0000000084200000, 0x0000000084200000| Untracked 
|  37|0x0000000084300000, 0x0000000084300000, 0x0000000084400000|  0%| F|  |TAMS 0x0000000084300000, 0x0000000084300000| Untracked 
|  38|0x0000000084400000, 0x0000000084400000, 0x0000000084500000|  0%| F|  |TAMS 0x0000000084400000, 0x0000000084400000| Untracked 
|  39|0x0000000084500000, 0x0000000084500000, 0x0000000084600000|  0%| F|  |TAMS 0x0000000084500000, 0x0000000084500000| Untracked 
|  40|0x0000000084600000, 0x0000000084600000, 0x0000000084700000|  0%| F|  |TAMS 0x0000000084600000, 0x0000000084600000| Untracked 
|  41|0x0000000084700000, 0x0000000084700000, 0x0000000084800000|  0%| F|  |TAMS 0x0000000084700000, 0x0000000084700000| Untracked 
|  42|0x0000000084800000, 0x0000000084800000, 0x0000000084900000|  0%| F|  |TAMS 0x0000000084800000, 0x0000000084800000| Untracked 
|  43|0x0000000084900000, 0x0000000084900000, 0x0000000084a00000|  0%| F|  |TAMS 0x0000000084900000, 0x0000000084900000| Untracked 
|  44|0x0000000084a00000, 0x0000000084a00000, 0x0000000084b00000|  0%| F|  |TAMS 0x0000000084a00000, 0x0000000084a00000| Untracked 
|  45|0x0000000084b00000, 0x0000000084b00000, 0x0000000084c00000|  0%| F|  |TAMS 0x0000000084b00000, 0x0000000084b00000| Untracked 
|  46|0x0000000084c00000, 0x0000000084c00000, 0x0000000084d00000|  0%| F|  |TAMS 0x0000000084c00000, 0x0000000084c00000| Untracked 
|  47|0x0000000084d00000, 0x0000000084d00000, 0x0000000084e00000|  0%| F|  |TAMS 0x0000000084d00000, 0x0000000084d00000| Untracked 
|  48|0x0000000084e00000, 0x0000000084e00000, 0x0000000084f00000|  0%| F|  |TAMS 0x0000000084e00000, 0x0000000084e00000| Untracked 
|  49|0x0000000084f00000, 0x0000000084f00000, 0x0000000085000000|  0%| F|  |TAMS 0x0000000084f00000, 0x0000000084f00000| Untracked 
|  50|0x0000000085000000, 0x0000000085000000, 0x0000000085100000|  0%| F|  |TAMS 0x0000000085000000, 0x0000000085000000| Untracked 
|  51|0x0000000085100000, 0x0000000085100000, 0x0000000085200000|  0%| F|  |TAMS 0x0000000085100000, 0x0000000085100000| Untracked 
|  52|0x0000000085200000, 0x0000000085200000, 0x0000000085300000|  0%| F|  |TAMS 0x0000000085200000, 0x0000000085200000| Untracked 
|  53|0x0000000085300000, 0x0000000085300000, 0x0000000085400000|  0%| F|  |TAMS 0x0000000085300000, 0x0000000085300000| Untracked 
|  54|0x0000000085400000, 0x0000000085400000, 0x0000000085500000|  0%| F|  |TAMS 0x0000000085400000, 0x0000000085400000| Untracked 
|  55|0x0000000085500000, 0x0000000085500000, 0x0000000085600000|  0%| F|  |TAMS 0x0000000085500000, 0x0000000085500000| Untracked 
|  56|0x0000000085600000, 0x0000000085600000, 0x0000000085700000|  0%| F|  |TAMS 0x0000000085600000, 0x0000000085600000| Untracked 
|  57|0x0000000085700000, 0x0000000085700000, 0x0000000085800000|  0%| F|  |TAMS 0x0000000085700000, 0x0000000085700000| Untracked 
|  58|0x0000000085800000, 0x0000000085800000, 0x0000000085900000|  0%| F|  |TAMS 0x0000000085800000, 0x0000000085800000| Untracked 
|  59|0x0000000085900000, 0x0000000085900000, 0x0000000085a00000|  0%| F|  |TAMS 0x0000000085900000, 0x0000000085900000| Untracked 
|  60|0x0000000085a00000, 0x0000000085a00000, 0x0000000085b00000|  0%| F|  |TAMS 0x0000000085a00000, 0x0000000085a00000| Untracked 
|  61|0x0000000085b00000, 0x0000000085b00000, 0x0000000085c00000|  0%| F|  |TAMS 0x0000000085b00000, 0x0000000085b00000| Untracked 
|  62|0x0000000085c00000, 0x0000000085c00000, 0x0000000085d00000|  0%| F|  |TAMS 0x0000000085c00000, 0x0000000085c00000| Untracked 
|  63|0x0000000085d00000, 0x0000000085d00000, 0x0000000085e00000|  0%| F|  |TAMS 0x0000000085d00000, 0x0000000085d00000| Untracked 
|  64|0x0000000085e00000, 0x0000000085e00000, 0x0000000085f00000|  0%| F|  |TAMS 0x0000000085e00000, 0x0000000085e00000| Untracked 
|  65|0x0000000085f00000, 0x0000000085f00000, 0x0000000086000000|  0%| F|  |TAMS 0x0000000085f00000, 0x0000000085f00000| Untracked 
|  66|0x0000000086000000, 0x0000000086000000, 0x0000000086100000|  0%| F|  |TAMS 0x0000000086000000, 0x0000000086000000| Untracked 
|  67|0x0000000086100000, 0x0000000086100000, 0x0000000086200000|  0%| F|  |TAMS 0x0000000086100000, 0x0000000086100000| Untracked 
|  68|0x0000000086200000, 0x0000000086200000, 0x0000000086300000|  0%| F|  |TAMS 0x0000000086200000, 0x0000000086200000| Untracked 
|  69|0x0000000086300000, 0x0000000086300000, 0x0000000086400000|  0%| F|  |TAMS 0x0000000086300000, 0x0000000086300000| Untracked 
|  70|0x0000000086400000, 0x0000000086400000, 0x0000000086500000|  0%| F|  |TAMS 0x0000000086400000, 0x0000000086400000| Untracked 
|  71|0x0000000086500000, 0x0000000086500000, 0x0000000086600000|  0%| F|  |TAMS 0x0000000086500000, 0x0000000086500000| Untracked 
|  72|0x0000000086600000, 0x0000000086600000, 0x0000000086700000|  0%| F|  |TAMS 0x0000000086600000, 0x0000000086600000| Untracked 
|  73|0x0000000086700000, 0x0000000086700000, 0x0000000086800000|  0%| F|  |TAMS 0x0000000086700000, 0x0000000086700000| Untracked 
|  74|0x0000000086800000, 0x0000000086800000, 0x0000000086900000|  0%| F|  |TAMS 0x0000000086800000, 0x0000000086800000| Untracked 
|  75|0x0000000086900000, 0x0000000086900000, 0x0000000086a00000|  0%| F|  |TAMS 0x0000000086900000, 0x0000000086900000| Untracked 
|  76|0x0000000086a00000, 0x0000000086a00000, 0x0000000086b00000|  0%| F|  |TAMS 0x0000000086a00000, 0x0000000086a00000| Untracked 
|  77|0x0000000086b00000, 0x0000000086b00000, 0x0000000086c00000|  0%| F|  |TAMS 0x0000000086b00000, 0x0000000086b00000| Untracked 
|  78|0x0000000086c00000, 0x0000000086c00000, 0x0000000086d00000|  0%| F|  |TAMS 0x0000000086c00000, 0x0000000086c00000| Untracked 
|  79|0x0000000086d00000, 0x0000000086d00000, 0x0000000086e00000|  0%| F|  |TAMS 0x0000000086d00000, 0x0000000086d00000| Untracked 
|  80|0x0000000086e00000, 0x0000000086e00000, 0x0000000086f00000|  0%| F|  |TAMS 0x0000000086e00000, 0x0000000086e00000| Untracked 
|  81|0x0000000086f00000, 0x0000000086f00000, 0x0000000087000000|  0%| F|  |TAMS 0x0000000086f00000, 0x0000000086f00000| Untracked 
|  82|0x0000000087000000, 0x0000000087000000, 0x0000000087100000|  0%| F|  |TAMS 0x0000000087000000, 0x0000000087000000| Untracked 
|  83|0x0000000087100000, 0x0000000087100000, 0x0000000087200000|  0%| F|  |TAMS 0x0000000087100000, 0x0000000087100000| Untracked 
|  84|0x0000000087200000, 0x0000000087200000, 0x0000000087300000|  0%| F|  |TAMS 0x0000000087200000, 0x0000000087200000| Untracked 
|  85|0x0000000087300000, 0x0000000087300000, 0x0000000087400000|  0%| F|  |TAMS 0x0000000087300000, 0x0000000087300000| Untracked 
|  86|0x0000000087400000, 0x0000000087400000, 0x0000000087500000|  0%| F|  |TAMS 0x0000000087400000, 0x0000000087400000| Untracked 
|  87|0x0000000087500000, 0x0000000087500000, 0x0000000087600000|  0%| F|  |TAMS 0x0000000087500000, 0x0000000087500000| Untracked 
|  88|0x0000000087600000, 0x0000000087600000, 0x0000000087700000|  0%| F|  |TAMS 0x0000000087600000, 0x0000000087600000| Untracked 
|  89|0x0000000087700000, 0x0000000087700000, 0x0000000087800000|  0%| F|  |TAMS 0x0000000087700000, 0x0000000087700000| Untracked 
|  90|0x0000000087800000, 0x0000000087800000, 0x0000000087900000|  0%| F|  |TAMS 0x0000000087800000, 0x0000000087800000| Untracked 
|  91|0x0000000087900000, 0x0000000087900000, 0x0000000087a00000|  0%| F|  |TAMS 0x0000000087900000, 0x0000000087900000| Untracked 
|  92|0x0000000087a00000, 0x0000000087a00000, 0x0000000087b00000|  0%| F|  |TAMS 0x0000000087a00000, 0x0000000087a00000| Untracked 
|  93|0x0000000087b00000, 0x0000000087b00000, 0x0000000087c00000|  0%| F|  |TAMS 0x0000000087b00000, 0x0000000087b00000| Untracked 
|  94|0x0000000087c00000, 0x0000000087c00000, 0x0000000087d00000|  0%| F|  |TAMS 0x0000000087c00000, 0x0000000087c00000| Untracked 
|  95|0x0000000087d00000, 0x0000000087d00000, 0x0000000087e00000|  0%| F|  |TAMS 0x0000000087d00000, 0x0000000087d00000| Untracked 
|  96|0x0000000087e00000, 0x0000000087e00000, 0x0000000087f00000|  0%| F|  |TAMS 0x0000000087e00000, 0x0000000087e00000| Untracked 
|  97|0x0000000087f00000, 0x0000000087f00000, 0x0000000088000000|  0%| F|  |TAMS 0x0000000087f00000, 0x0000000087f00000| Untracked 
|  98|0x0000000088000000, 0x0000000088000000, 0x0000000088100000|  0%| F|  |TAMS 0x0000000088000000, 0x0000000088000000| Untracked 
|  99|0x0000000088100000, 0x0000000088100000, 0x0000000088200000|  0%| F|  |TAMS 0x0000000088100000, 0x0000000088100000| Untracked 
| 100|0x0000000088200000, 0x0000000088200000, 0x0000000088300000|  0%| F|  |TAMS 0x0000000088200000, 0x0000000088200000| Untracked 
| 101|0x0000000088300000, 0x0000000088300000, 0x0000000088400000|  0%| F|  |TAMS 0x0000000088300000, 0x0000000088300000| Untracked 
| 102|0x0000000088400000, 0x0000000088400000, 0x0000000088500000|  0%| F|  |TAMS 0x0000000088400000, 0x0000000088400000| Untracked 
| 103|0x0000000088500000, 0x0000000088500000, 0x0000000088600000|  0%| F|  |TAMS 0x0000000088500000, 0x0000000088500000| Untracked 
| 104|0x0000000088600000, 0x0000000088600000, 0x0000000088700000|  0%| F|  |TAMS 0x0000000088600000, 0x0000000088600000| Untracked 
| 105|0x0000000088700000, 0x0000000088700000, 0x0000000088800000|  0%| F|  |TAMS 0x0000000088700000, 0x0000000088700000| Untracked 
| 106|0x0000000088800000, 0x0000000088800000, 0x0000000088900000|  0%| F|  |TAMS 0x0000000088800000, 0x0000000088800000| Untracked 
| 107|0x0000000088900000, 0x0000000088900000, 0x0000000088a00000|  0%| F|  |TAMS 0x0000000088900000, 0x0000000088900000| Untracked 
| 108|0x0000000088a00000, 0x0000000088a00000, 0x0000000088b00000|  0%| F|  |TAMS 0x0000000088a00000, 0x0000000088a00000| Untracked 
| 109|0x0000000088b00000, 0x0000000088b00000, 0x0000000088c00000|  0%| F|  |TAMS 0x0000000088b00000, 0x0000000088b00000| Untracked 
| 110|0x0000000088c00000, 0x0000000088c00000, 0x0000000088d00000|  0%| F|  |TAMS 0x0000000088c00000, 0x0000000088c00000| Untracked 
| 111|0x0000000088d00000, 0x0000000088d00000, 0x0000000088e00000|  0%| F|  |TAMS 0x0000000088d00000, 0x0000000088d00000| Untracked 
| 112|0x0000000088e00000, 0x0000000088e00000, 0x0000000088f00000|  0%| F|  |TAMS 0x0000000088e00000, 0x0000000088e00000| Untracked 
| 113|0x0000000088f00000, 0x0000000088f00000, 0x0000000089000000|  0%| F|  |TAMS 0x0000000088f00000, 0x0000000088f00000| Untracked 
| 114|0x0000000089000000, 0x0000000089000000, 0x0000000089100000|  0%| F|  |TAMS 0x0000000089000000, 0x0000000089000000| Untracked 
| 115|0x0000000089100000, 0x0000000089100000, 0x0000000089200000|  0%| F|  |TAMS 0x0000000089100000, 0x0000000089100000| Untracked 
| 116|0x0000000089200000, 0x0000000089200000, 0x0000000089300000|  0%| F|  |TAMS 0x0000000089200000, 0x0000000089200000| Untracked 
| 117|0x0000000089300000, 0x0000000089300000, 0x0000000089400000|  0%| F|  |TAMS 0x0000000089300000, 0x0000000089300000| Untracked 
| 118|0x0000000089400000, 0x0000000089400000, 0x0000000089500000|  0%| F|  |TAMS 0x0000000089400000, 0x0000000089400000| Untracked 
| 119|0x0000000089500000, 0x0000000089600000, 0x0000000089600000|100%| E|  |TAMS 0x0000000089500000, 0x0000000089500000| Complete 
| 120|0x0000000089600000, 0x0000000089700000, 0x0000000089700000|100%| E|CS|TAMS 0x0000000089600000, 0x0000000089600000| Complete 
| 121|0x0000000089700000, 0x0000000089800000, 0x0000000089800000|100%| E|CS|TAMS 0x0000000089700000, 0x0000000089700000| Complete 
| 122|0x0000000089800000, 0x0000000089900000, 0x0000000089900000|100%| E|CS|TAMS 0x0000000089800000, 0x0000000089800000| Complete 
| 123|0x0000000089900000, 0x0000000089a00000, 0x0000000089a00000|100%| E|CS|TAMS 0x0000000089900000, 0x0000000089900000| Complete 
| 124|0x0000000089a00000, 0x0000000089b00000, 0x0000000089b00000|100%| E|CS|TAMS 0x0000000089a00000, 0x0000000089a00000| Complete 
| 125|0x0000000089b00000, 0x0000000089c00000, 0x0000000089c00000|100%| E|CS|TAMS 0x0000000089b00000, 0x0000000089b00000| Complete 
| 126|0x0000000089c00000, 0x0000000089d00000, 0x0000000089d00000|100%| E|CS|TAMS 0x0000000089c00000, 0x0000000089c00000| Complete 
| 127|0x0000000089d00000, 0x0000000089e00000, 0x0000000089e00000|100%| E|CS|TAMS 0x0000000089d00000, 0x0000000089d00000| Complete 

Card table byte_map: [0x000002a0fc7d0000,0x000002a0fcbd0000] _byte_map_base: 0x000002a0fc3c1000

Marking Bits (Prev, Next): (CMBitMap*) 0x000002a0e44e0e08, (CMBitMap*) 0x000002a0e44e0e40
 Prev Bits: [0x000002a0fcfd0000, 0x000002a0fef58000)
 Next Bits: [0x000002a080000000, 0x000002a081f88000)

Polling page: 0x000002a0ec940000

Metaspace:

Usage:
  Non-class:     10.49 MB capacity,    10.32 MB ( 98%) used,   127.53 KB (  1%) free+waste,    36.94 KB ( <1%) overhead. 
      Class:      1.34 MB capacity,     1.17 MB ( 88%) used,   150.18 KB ( 11%) free+waste,    20.81 KB (  2%) overhead. 
       Both:     11.83 MB capacity,    11.50 MB ( 97%) used,   277.71 KB (  2%) free+waste,    57.75 KB ( <1%) overhead. 

Virtual space:
  Non-class space:       18.00 MB reserved,      10.50 MB ( 58%) committed 
      Class space:        1.00 GB reserved,       1.38 MB ( <1%) committed 
             Both:        1.02 GB reserved,      11.88 MB (  1%) committed 

Chunk freelists:
   Non-Class:  1.88 KB
       Class:  512 bytes
        Both:  2.38 KB

CodeHeap 'non-profiled nmethods': size=120000Kb used=200Kb max_used=200Kb free=119799Kb
 bounds [0x000002a0f4430000, 0x000002a0f46a0000, 0x000002a0fb960000]
CodeHeap 'profiled nmethods': size=120000Kb used=1150Kb max_used=1150Kb free=118849Kb
 bounds [0x000002a0ecf00000, 0x000002a0ed170000, 0x000002a0f4430000]
CodeHeap 'non-nmethods': size=5760Kb used=1154Kb max_used=1154Kb free=4605Kb
 bounds [0x000002a0ec960000, 0x000002a0ecbd0000, 0x000002a0ecf00000]
 total_blobs=1207 nmethods=708 adapters=411
 compilation: enabled
              stopped_count=0, restarted_count=0
 full_count=0

Compilation events (10 events):
Event: 0.261 Thread 0x000002a0ffbf4800 nmethod 554 0x000002a0ecfd8090 code [0x000002a0ecfd8240, 0x000002a0ecfd8398]
Event: 0.262 Thread 0x000002a0ffbf4800  555       3       java.lang.String::endsWith (15 bytes)
Event: 0.262 Thread 0x000002a0ffbf4800 nmethod 555 0x000002a0ecfd8410 code [0x000002a0ecfd85e0, 0x000002a0ecfd8908]
Event: 0.262 Thread 0x000002a0ffbf4800  556       3       java.lang.String::toString (2 bytes)
Event: 0.262 Thread 0x000002a0ffbf4800 nmethod 556 0x000002a0ecfd8a90 code [0x000002a0ecfd8c20, 0x000002a0ecfd8d18]
Event: 0.262 Thread 0x000002a0ffbf4800  557       3       sun.util.ResourceBundleEnumeration::hasMoreElements (117 bytes)
Event: 0.263 Thread 0x000002a0ffbf4800 nmethod 557 0x000002a0ecfd8d90 code [0x000002a0ecfd8fc0, 0x000002a0ecfd9a28]
Event: 0.263 Thread 0x000002a0ffbf4800  558       3       jdk.internal.org.objectweb.asm.ClassWriter::<init> (117 bytes)
Event: 0.264 Thread 0x000002a0ffbf4800 nmethod 558 0x000002a0ecfd9c10 code [0x000002a0ecfd9e80, 0x000002a0ecfdaaa8]
Event: 0.264 Thread 0x000002a0ffbf4800  560       3       jdk.internal.org.objectweb.asm.ClassWriter::toByteArray (1423 bytes)

GC Heap History (0 events):
No events

Deoptimization events (1 events):
Event: 0.068 Thread 0x000002a0e44a5000 Uncommon trap: reason=unstable_if action=reinterpret pc=0x000002a0f4434510 method=java.lang.String.hashCode()I @ 14 c2

Classes redefined (0 events):
No events

Internal exceptions (10 events):
Event: 0.204 Thread 0x000002a0848a2000 Exception <a 'java/lang/NoSuchMethodError'{0x0000000089a80b68}: java.lang.invoke.DirectMethodHandle$Holder.invokeSpecial(Ljava/lang/Object;Ljava/lang/Object;)V> (0x0000000089a80b68) thrown at [./open/src/hotspot/share/interpreter/linkResolver.cpp, line 77
Event: 0.207 Thread 0x000002a0e44a5000 Exception <a 'java/lang/NoSuchMethodError'{0x0000000089916d88}: java.lang.invoke.DirectMethodHandle$Holder.invokeStatic(Ljava/lang/Object;Ljava/lang/Object;Ljava/lang/Object;Ljava/lang/Object;Ljava/lang/Object;Ljava/lang/Object;Ljava/lang/Object;Ljava/lan
Event: 0.208 Thread 0x000002a0e44a5000 Exception <a 'java/lang/NoSuchMethodError'{0x0000000089930e60}: java.lang.invoke.DirectMethodHandle$Holder.invokeStatic(Ljava/lang/Object;Ljava/lang/Object;Ljava/lang/Object;Ljava/lang/Object;Ljava/lang/Object;Ljava/lang/Object;Ljava/lang/Object;Ljava/lan
Event: 0.239 Thread 0x000002a0e44a5000 Exception <a 'java/lang/NoSuchMethodError'{0x000000008981e830}: java.lang.invoke.DirectMethodHandle$Holder.invokeStatic(Ljava/lang/Object;ILjava/lang/Object;Ljava/lang/Object;Ljava/lang/Object;Ljava/lang/Object;)Ljava/lang/Object;> (0x000000008981e830) th
Event: 0.239 Thread 0x000002a0e44a5000 Exception <a 'java/lang/NoSuchMethodError'{0x00000000898258f0}: java.lang.invoke.DirectMethodHandle$Holder.invokeStatic(Ljava/lang/Object;ILjava/lang/Object;Ljava/lang/Object;Ljava/lang/Object;)Ljava/lang/Object;> (0x00000000898258f0) thrown at [./open/sr
Event: 0.240 Thread 0x000002a0e44a5000 Exception <a 'java/lang/NoSuchMethodError'{0x0000000089829430}: java.lang.invoke.DirectMethodHandle$Holder.invokeSpecial(Ljava/lang/Object;Ljava/lang/Object;ILjava/lang/Object;Ljava/lang/Object;Ljava/lang/Object;)Ljava/lang/Object;> (0x0000000089829430) t
Event: 0.241 Thread 0x000002a0e44a5000 Exception <a 'java/lang/NoSuchMethodError'{0x0000000089840d08}: java.lang.invoke.DirectMethodHandle$Holder.invokeStatic(Ljava/lang/Object;ILjava/lang/Object;)Ljava/lang/Object;> (0x0000000089840d08) thrown at [./open/src/hotspot/share/interpreter/linkReso
Event: 0.261 Thread 0x000002a0e44a5000 Exception <a 'java/lang/ClassNotFoundException'{0x00000000898edd78}: com/sun/swing/internal/plaf/metal/resources/spi/metalProvider> (0x00000000898edd78) thrown at [./open/src/hotspot/share/classfile/systemDictionary.cpp, line 228]
Event: 0.262 Thread 0x000002a0e44a5000 Exception <a 'java/lang/ClassNotFoundException'{0x00000000898f1dc0}: com/sun/swing/internal/plaf/basic/resources/spi/basicProvider> (0x00000000898f1dc0) thrown at [./open/src/hotspot/share/classfile/systemDictionary.cpp, line 228]
Event: 0.265 Thread 0x000002a0e44a5000 Exception <a 'java/lang/NoSuchMethodError'{0x000000008972cb30}: java.lang.invoke.DirectMethodHandle$Holder.invokeStatic(Ljava/lang/Object;Ljava/lang/Object;Ljava/lang/Object;Ljava/lang/Object;Ljava/lang/Object;Ljava/lang/Object;Ljava/lang/Object;Ljava/lan

Events (10 events):
Event: 0.262 loading class com/sun/swing/internal/plaf/basic/resources/basic_pt
Event: 0.262 loading class com/sun/swing/internal/plaf/basic/resources/basic_pt done
Event: 0.262 loading class com/sun/swing/internal/plaf/basic/resources/basic_pt_BR
Event: 0.262 loading class com/sun/swing/internal/plaf/basic/resources/basic_pt_BR done
Event: 0.262 loading class com/sun/swing/internal/plaf/basic/resources/basic_pt_BR
Event: 0.262 loading class com/sun/swing/internal/plaf/basic/resources/basic_pt_BR done
Event: 0.264 loading class java/lang/invoke/BoundMethodHandle$Species_LLLLLLLLI
Event: 0.264 loading class java/lang/invoke/BoundMethodHandle$Species_LLLLLLLLI done
Event: 0.265 loading class java/lang/invoke/BoundMethodHandle$Species_LLLLLLLLII
Event: 0.265 loading class java/lang/invoke/BoundMethodHandle$Species_LLLLLLLLII done


Dynamic libraries:
0x00007ff7791c0000 - 0x00007ff7791cf000 	C:\Program Files\Java\jdk-11.0.10\bin\java.exe
0x00007fff68230000 - 0x00007fff68425000 	C:\WINDOWS\SYSTEM32\ntdll.dll
0x00007fff679d0000 - 0x00007fff67a8d000 	C:\WINDOWS\System32\KERNEL32.DLL
0x00007fff65d00000 - 0x00007fff65fc8000 	C:\WINDOWS\System32\KERNELBASE.dll
0x00007fff65bb0000 - 0x00007fff65cb0000 	C:\WINDOWS\System32\ucrtbase.dll
0x00007fff61450000 - 0x00007fff61465000 	C:\Program Files\Java\jdk-11.0.10\bin\VCRUNTIME140.dll
0x00007fff52190000 - 0x00007fff521a8000 	C:\Program Files\Java\jdk-11.0.10\bin\jli.dll
0x00007fff662f0000 - 0x00007fff6639c000 	C:\WINDOWS\System32\ADVAPI32.dll
0x00007fff67aa0000 - 0x00007fff67b3e000 	C:\WINDOWS\System32\msvcrt.dll
0x00007fff66610000 - 0x00007fff666ab000 	C:\WINDOWS\System32\sechost.dll
0x00007fff676a0000 - 0x00007fff677cb000 	C:\WINDOWS\System32\RPCRT4.dll
0x00007fff663a0000 - 0x00007fff66540000 	C:\WINDOWS\System32\USER32.dll
0x00007fff65a20000 - 0x00007fff65a42000 	C:\WINDOWS\System32\win32u.dll
0x00007fff46ca0000 - 0x00007fff46f3a000 	C:\WINDOWS\WinSxS\amd64_microsoft.windows.common-controls_6595b64144ccf1df_6.0.19041.844_none_ca00b6081b84eb1d\COMCTL32.dll
0x00007fff67860000 - 0x00007fff6788a000 	C:\WINDOWS\System32\GDI32.dll
0x00007fff66180000 - 0x00007fff6628b000 	C:\WINDOWS\System32\gdi32full.dll
0x00007fff66060000 - 0x00007fff660fd000 	C:\WINDOWS\System32\msvcp_win.dll
0x00007fff5e1b0000 - 0x00007fff5e1ba000 	C:\WINDOWS\SYSTEM32\VERSION.dll
0x00007fff67fb0000 - 0x00007fff67fe0000 	C:\WINDOWS\System32\IMM32.DLL
0x00007fff4f280000 - 0x00007fff4f31b000 	C:\Program Files\Java\jdk-11.0.10\bin\msvcp140.dll
0x00007fff094f0000 - 0x00007fff09feb000 	C:\Program Files\Java\jdk-11.0.10\bin\server\jvm.dll
0x00007fff666b0000 - 0x00007fff666b8000 	C:\WINDOWS\System32\PSAPI.DLL
0x00007fff5b900000 - 0x00007fff5b927000 	C:\WINDOWS\SYSTEM32\WINMM.dll
0x00007fff628b0000 - 0x00007fff628b9000 	C:\WINDOWS\SYSTEM32\WSOCK32.dll
0x00007fff66da0000 - 0x00007fff66e0b000 	C:\WINDOWS\System32\WS2_32.dll
0x00007fff638b0000 - 0x00007fff638c2000 	C:\WINDOWS\SYSTEM32\kernel.appcore.dll
0x00007fff614e0000 - 0x00007fff614f0000 	C:\Program Files\Java\jdk-11.0.10\bin\verify.dll
0x00007fff4e990000 - 0x00007fff4eb74000 	C:\WINDOWS\SYSTEM32\DBGHELP.DLL
0x00007fff54250000 - 0x00007fff5427c000 	C:\WINDOWS\SYSTEM32\dbgcore.DLL
0x00007fff66100000 - 0x00007fff66180000 	C:\WINDOWS\System32\bcryptPrimitives.dll
0x00007fff60820000 - 0x00007fff60848000 	C:\Program Files\Java\jdk-11.0.10\bin\java.dll
0x00007fff606c0000 - 0x00007fff606ca000 	C:\Program Files\Java\jdk-11.0.10\bin\jimage.dll
0x00007fff5cfc0000 - 0x00007fff5cfd6000 	C:\Program Files\Java\jdk-11.0.10\bin\zip.dll
0x00007fff66e10000 - 0x00007fff67552000 	C:\WINDOWS\System32\SHELL32.dll
0x00007fff63ab0000 - 0x00007fff64241000 	C:\WINDOWS\SYSTEM32\windows.storage.dll
0x00007fff66a40000 - 0x00007fff66d95000 	C:\WINDOWS\System32\combase.dll
0x00007fff653e0000 - 0x00007fff6540c000 	C:\WINDOWS\SYSTEM32\Wldp.dll
0x00007fff67920000 - 0x00007fff679ce000 	C:\WINDOWS\System32\SHCORE.dll
0x00007fff68190000 - 0x00007fff681e5000 	C:\WINDOWS\System32\shlwapi.dll
0x00007fff658b0000 - 0x00007fff658cf000 	C:\WINDOWS\SYSTEM32\profapi.dll
0x00007fff35620000 - 0x00007fff357ba000 	C:\Program Files\Java\jdk-11.0.10\bin\awt.dll
0x00007fff66540000 - 0x00007fff6660d000 	C:\WINDOWS\System32\OLEAUT32.dll
0x00007fff63220000 - 0x00007fff632b0000 	C:\WINDOWS\SYSTEM32\apphelp.dll
0x00007fff633d0000 - 0x00007fff6346e000 	C:\WINDOWS\system32\uxtheme.dll
0x00007fff666c0000 - 0x00007fff667d5000 	C:\WINDOWS\System32\MSCTF.dll
0x00007fff66840000 - 0x00007fff6696a000 	C:\WINDOWS\System32\ole32.dll
0x00007fff635c0000 - 0x00007fff635ef000 	C:\WINDOWS\system32\DWMAPI.DLL
0x00007fff4f1f0000 - 0x00007fff4f275000 	C:\Program Files\Java\jdk-11.0.10\bin\freetype.dll
0x00007fff41310000 - 0x00007fff413cc000 	C:\Program Files\Java\jdk-11.0.10\bin\harfbuzz.dll
0x00007fff4dff0000 - 0x00007fff4e002000 	C:\Program Files\Java\jdk-11.0.10\bin\fontmanager.dll
0x00007fff51f80000 - 0x00007fff51f99000 	C:\Program Files\Java\jdk-11.0.10\bin\net.dll
0x00007fff5c200000 - 0x00007fff5c30b000 	C:\WINDOWS\SYSTEM32\WINHTTP.dll
0x00007fff65080000 - 0x00007fff650ea000 	C:\WINDOWS\system32\mswsock.dll
0x00007fff516a0000 - 0x00007fff516b2000 	C:\Program Files\Java\jdk-11.0.10\bin\nio.dll

dbghelp: loaded successfully - version: 4.0.5 - missing functions: none
symbol engine: initialized successfully - sym options: 0x614 - pdb path: .;C:\Program Files\Java\jdk-11.0.10\bin;C:\WINDOWS\SYSTEM32;C:\WINDOWS\WinSxS\amd64_microsoft.windows.common-controls_6595b64144ccf1df_6.0.19041.844_none_ca00b6081b84eb1d;C:\Program Files\Java\jdk-11.0.10\bin\server

VM Arguments:
jvm_args: -Dfile.encoding=UTF-8 
java_command: Main
java_class_path (initial): C:\Users\nicol\OneDrive - UNIP\3ºSemestre\LPOO ou Java1\Atividade Aula\fonte meus\APS_Reciclagem\build\classes
Launcher Type: SUN_STANDARD

[Global flags]
     intx CICompilerCount                          = 4                                         {product} {ergonomic}
     uint ConcGCThreads                            = 2                                         {product} {ergonomic}
     uint G1ConcRefinementThreads                  = 8                                         {product} {ergonomic}
   size_t G1HeapRegionSize                         = 1048576                                   {product} {ergonomic}
    uintx GCDrainStackTargetSize                   = 64                                        {product} {ergonomic}
   size_t InitialHeapSize                          = 134217728                                 {product} {ergonomic}
   size_t MarkStackSize                            = 4194304                                   {product} {ergonomic}
   size_t MaxHeapSize                              = 2116026368                                {product} {ergonomic}
   size_t MaxNewSize                               = 1268776960                                {product} {ergonomic}
   size_t MinHeapDeltaBytes                        = 1048576                                   {product} {ergonomic}
    uintx NonNMethodCodeHeapSize                   = 5836300                                {pd product} {ergonomic}
    uintx NonProfiledCodeHeapSize                  = 122910970                              {pd product} {ergonomic}
    uintx ProfiledCodeHeapSize                     = 122910970                              {pd product} {ergonomic}
    uintx ReservedCodeCacheSize                    = 251658240                              {pd product} {ergonomic}
     bool SegmentedCodeCache                       = true                                      {product} {ergonomic}
     bool UseCompressedClassPointers               = true                                 {lp64_product} {ergonomic}
     bool UseCompressedOops                        = true                                 {lp64_product} {ergonomic}
     bool UseG1GC                                  = true                                      {product} {ergonomic}
     bool UseLargePagesIndividualAllocation        = false                                  {pd product} {ergonomic}

Logging:
Log output configuration:
 #0: stdout all=warning uptime,level,tags
 #1: stderr all=off uptime,level,tags

Environment Variables:
PATH=C:\Program Files\Common Files\Oracle\Java\javapath;C:\Program Files (x86)\Common Files\Oracle\Java\javapath;C:\Program Files (x86)\Intel\Intel(R) Management Engine Components\iCLS\;C:\Program Files\Intel\Intel(R) Management Engine Components\iCLS\;C:\WINDOWS\system32;C:\WINDOWS;C:\WINDOWS\System32\Wbem;C:\WINDOWS\System32\WindowsPowerShell\v1.0\;C:\WINDOWS\System32\OpenSSH\;C:\Program Files (x86)\Intel\Intel(R) Management Engine Components\DAL;C:\Program Files\Intel\Intel(R) Management Engine Components\DAL;C:\Program Files (x86)\Intel\Intel(R) Management Engine Components\IPT;C:\Program Files\Intel\Intel(R) Management Engine Components\IPT;C:\Program Files (x86)\Microsoft SQL Server\150\DTS\Binn\;C:\Program Files\Azure Data Studio\bin;C:\Program Files\Microsoft SQL Server\Client SDK\ODBC\170\Tools\Binn\;C:\Program Files (x86)\Microsoft SQL Server\150\Tools\Binn\;C:\Program Files\Microsoft SQL Server\150\Tools\Binn\;C:\Program Files\Microsoft SQL Server\150\DTS\Binn\;C:\Users\nicol\AppData\Local\Microsoft\WindowsApps;C:\Users\nicol\AppData\Local\GitHubDesktop\bin;C:\Users\nicol\AppData\Local\Programs\Microsoft VS Code\bin;C:\Program Files\Azure Data Studio\bin
USERNAME=nicol
OS=Windows_NT
PROCESSOR_IDENTIFIER=Intel64 Family 6 Model 142 Stepping 10, GenuineIntel



---------------  S Y S T E M  ---------------

OS: Windows 10 , 64 bit Build 19041 (10.0.19041.928)

CPU:total 8 (initial active 8) (4 cores per cpu, 2 threads per core) family 6 model 142 stepping 10 microcode 0xe0, cmov, cx8, fxsr, mmx, sse, sse2, sse3, ssse3, sse4.1, sse4.2, popcnt, avx, avx2, aes, clmul, erms, 3dnowpref, lzcnt, ht, tsc, tscinvbit, bmi1, bmi2, adx, fma

Memory: 4k page, system-wide physical 8067M (894M free)
TotalPageFile size 8067M (AvailPageFile size 4M)
current process WorkingSet (physical memory assigned to process): 61M, peak: 61M
current process commit charge ("private bytes"): 224M, peak: 224M

vm_info: Java HotSpot(TM) 64-Bit Server VM (11.0.10+8-LTS-162) for windows-amd64 JRE (11.0.10+8-LTS-162), built on Dec  8 2020 16:32:57 by "mach5one" with MS VC++ 15.9 (VS2017)

END.
