#
# There is insufficient memory for the Java Runtime Environment to continue.
# Native memory allocation (malloc) failed to allocate 1195376 bytes for Chunk::new
# Possible reasons:
#   The system is out of physical RAM or swap space
#   The process is running with CompressedOops enabled, and the Java Heap may be blocking the growth of the native heap
# Possible solutions:
#   Reduce memory load on the system
#   Increase physical memory or swap space
#   Check if swap backing store is full
#   Decrease Java heap size (-Xmx/-Xms)
#   Decrease number of Java threads
#   Decrease Java thread stack sizes (-Xss)
#   Set larger code cache with -XX:ReservedCodeCacheSize=
#   JVM is running with Unscaled Compressed Oops mode in which the Java heap is
#     placed in the first 4GB address space. The Java Heap base address is the
#     maximum limit for the native heap growth. Please use -XX:HeapBaseMinAddress
#     to set the Java Heap base and to place the Java Heap above 4GB virtual address.
# This output file may be truncated or incomplete.
#
#  Out of Memory Error (./open/src/hotspot/share/memory/arena.cpp:197), pid=12804, tid=3844
#
# JRE version: Java(TM) SE Runtime Environment 18.9 (11.0.10+8) (build 11.0.10+8-LTS-162)
# Java VM: Java HotSpot(TM) 64-Bit Server VM 18.9 (11.0.10+8-LTS-162, mixed mode, tiered, compressed oops, g1 gc, windows-amd64)
# No core dump will be written. Minidumps are not enabled by default on client versions of Windows
#

---------------  S U M M A R Y ------------

Command Line: -Dfile.encoding=UTF-8 Main

Host: Intel(R) Core(TM) i5-8250U CPU @ 1.60GHz, 8 cores, 7G,  Windows 10 , 64 bit Build 19041 (10.0.19041.928)
Time: Mon May 10 13:55:07 2021 Hora oficial do Brasil elapsed time: 0.380575 seconds (0d 0h 0m 0s)

---------------  T H R E A D  ---------------

Current thread (0x00000206e190b000):  JavaThread "C2 CompilerThread0" daemon [_thread_in_native, id=3844, stack(0x000000f018100000,0x000000f018200000)]


Current CompileTask:
C2:    380  476       4       jdk.internal.org.objectweb.asm.Frame::execute (2264 bytes)

Stack: [0x000000f018100000,0x000000f018200000]
Native frames: (J=compiled Java code, j=interpreted, Vv=VM code, C=native code)
V  [jvm.dll+0x613e6a]
V  [jvm.dll+0x74c1ff]
V  [jvm.dll+0x74d885]
V  [jvm.dll+0x74df03]
V  [jvm.dll+0x243b78]
V  [jvm.dll+0xba2cc]
V  [jvm.dll+0xba9cc]
V  [jvm.dll+0x346982]
V  [jvm.dll+0x3147d3]
V  [jvm.dll+0x313b1a]
V  [jvm.dll+0x1fd395]
V  [jvm.dll+0x1fc54f]
V  [jvm.dll+0x17f09c]
V  [jvm.dll+0x20bbd4]
V  [jvm.dll+0x209cab]
V  [jvm.dll+0x713619]
V  [jvm.dll+0x70c314]
V  [jvm.dll+0x613036]
C  [ucrtbase.dll+0x21bb2]
C  [KERNEL32.DLL+0x17034]
C  [ntdll.dll+0x52651]


---------------  P R O C E S S  ---------------

Threads class SMR info:
_java_thread_list=0x00000206e292d880, length=15, elements={
0x00000206c2406800, 0x00000206e18f4000, 0x00000206e18fd800, 0x00000206e2283000,
0x00000206e190a000, 0x00000206e190b000, 0x00000206e190f000, 0x00000206e1911800,
0x00000206e23f3800, 0x00000206e23fd800, 0x00000206e274c800, 0x00000206e274e800,
0x00000206e2756000, 0x00000206e271f800, 0x00000206e2be4000
}

Java Threads: ( => current thread )
  0x00000206c2406800 JavaThread "main" [_thread_blocked, id=12588, stack(0x000000f017600000,0x000000f017700000)]
  0x00000206e18f4000 JavaThread "Reference Handler" daemon [_thread_blocked, id=8152, stack(0x000000f017d00000,0x000000f017e00000)]
  0x00000206e18fd800 JavaThread "Finalizer" daemon [_thread_blocked, id=12236, stack(0x000000f017e00000,0x000000f017f00000)]
  0x00000206e2283000 JavaThread "Signal Dispatcher" daemon [_thread_blocked, id=276, stack(0x000000f017f00000,0x000000f018000000)]
  0x00000206e190a000 JavaThread "Attach Listener" daemon [_thread_blocked, id=4412, stack(0x000000f018000000,0x000000f018100000)]
=>0x00000206e190b000 JavaThread "C2 CompilerThread0" daemon [_thread_in_native, id=3844, stack(0x000000f018100000,0x000000f018200000)]
  0x00000206e190f000 JavaThread "C1 CompilerThread0" daemon [_thread_blocked, id=6964, stack(0x000000f018200000,0x000000f018300000)]
  0x00000206e1911800 JavaThread "Sweeper thread" daemon [_thread_blocked, id=1124, stack(0x000000f018300000,0x000000f018400000)]
  0x00000206e23f3800 JavaThread "Service Thread" daemon [_thread_blocked, id=5660, stack(0x000000f018400000,0x000000f018500000)]
  0x00000206e23fd800 JavaThread "Common-Cleaner" daemon [_thread_blocked, id=9468, stack(0x000000f018600000,0x000000f018700000)]
  0x00000206e274c800 JavaThread "Java2D Disposer" daemon [_thread_blocked, id=12120, stack(0x000000f018700000,0x000000f018800000)]
  0x00000206e274e800 JavaThread "AWT-Shutdown" [_thread_blocked, id=12708, stack(0x000000f018800000,0x000000f018900000)]
  0x00000206e2756000 JavaThread "AWT-Windows" daemon [_thread_in_native, id=10664, stack(0x000000f018900000,0x000000f018a00000)]
  0x00000206e271f800 JavaThread "C2 CompilerThread1" daemon [_thread_blocked, id=10568, stack(0x000000f018a00000,0x000000f018b00000)]
  0x00000206e2be4000 JavaThread "Image Fetcher 0" daemon [_thread_blocked, id=5056, stack(0x000000f018b00000,0x000000f018c00000)]

Other Threads:
  0x00000206e18f2800 VMThread "VM Thread" [stack: 0x000000f017c00000,0x000000f017d00000] [id=11312]
  0x00000206e23f9000 WatcherThread [stack: 0x000000f018500000,0x000000f018600000] [id=12700]
  0x00000206c241c000 GCTaskThread "GC Thread#0" [stack: 0x000000f017700000,0x000000f017800000] [id=9028]
  0x00000206e2866800 GCTaskThread "GC Thread#1" [stack: 0x000000f018c00000,0x000000f018d00000] [id=10852]
  0x00000206e2983000 GCTaskThread "GC Thread#2" [stack: 0x000000f018d00000,0x000000f018e00000] [id=2460]
  0x00000206e2d70800 GCTaskThread "GC Thread#3" [stack: 0x000000f018e00000,0x000000f018f00000] [id=8712]
  0x00000206c244c800 ConcurrentGCThread "G1 Main Marker" [stack: 0x000000f017800000,0x000000f017900000] [id=7660]
  0x00000206c244e800 ConcurrentGCThread "G1 Conc#0" [stack: 0x000000f017900000,0x000000f017a00000] [id=12116]
  0x00000206e248e000 ConcurrentGCThread "G1 Conc#1" [stack: 0x000000f018f00000,0x000000f019000000] [id=8468]
  0x00000206c24e1800 ConcurrentGCThread "G1 Refine#0" [stack: 0x000000f017a00000,0x000000f017b00000] [id=3268]
  0x00000206e1740800 ConcurrentGCThread "G1 Young RemSet Sampling" [stack: 0x000000f017b00000,0x000000f017c00000] [id=9472]

Threads with active compile tasks:
C2 CompilerThread0    760  476       4       jdk.internal.org.objectweb.asm.Frame::execute (2264 bytes)
C2 CompilerThread1    760  566       4       jdk.internal.org.objectweb.asm.MethodWriter::visitVarInsn (300 bytes)

VM state:at safepoint (normal execution)

VM Mutex/Monitor currently owned by a thread:  ([mutex/lock_event])
[0x00000206c24021d0] Threads_lock - owner thread: 0x00000206e18f2800
[0x00000206c24018d0] Heap_lock - owner thread: 0x00000206c2406800

Heap address: 0x0000000081e00000, size: 2018 MB, Compressed Oops mode: 32-bit
Narrow klass base: 0x0000000000000000, Narrow klass shift: 3
Compressed class space size: 1073741824 Address: 0x0000000100000000

Heap:
 garbage-first heap   total 131072K, used 1538K [0x0000000081e00000, 0x0000000100000000)
  region size 1024K, 2 young (2048K), 2 survivors (2048K)
 Metaspace       used 10222K, capacity 10469K, committed 10624K, reserved 1064960K
  class space    used 1010K, capacity 1139K, committed 1152K, reserved 1048576K
Heap Regions: E=young(eden), S=young(survivor), O=old, HS=humongous(starts), HC=humongous(continues), CS=collection set, F=free, A=archive, TAMS=top-at-mark-start (previous, next)
|   0|0x0000000081e00000, 0x0000000081e00000, 0x0000000081f00000|  0%| F|  |TAMS 0x0000000081e00000, 0x0000000081e00000| Untracked 
|   1|0x0000000081f00000, 0x0000000081f00000, 0x0000000082000000|  0%| F|  |TAMS 0x0000000081f00000, 0x0000000081f00000| Untracked 
|   2|0x0000000082000000, 0x0000000082000000, 0x0000000082100000|  0%| F|  |TAMS 0x0000000082000000, 0x0000000082000000| Untracked 
|   3|0x0000000082100000, 0x0000000082100000, 0x0000000082200000|  0%| F|  |TAMS 0x0000000082100000, 0x0000000082100000| Untracked 
|   4|0x0000000082200000, 0x0000000082200000, 0x0000000082300000|  0%| F|  |TAMS 0x0000000082200000, 0x0000000082200000| Untracked 
|   5|0x0000000082300000, 0x0000000082300000, 0x0000000082400000|  0%| F|  |TAMS 0x0000000082300000, 0x0000000082300000| Untracked 
|   6|0x0000000082400000, 0x0000000082400000, 0x0000000082500000|  0%| F|  |TAMS 0x0000000082400000, 0x0000000082400000| Untracked 
|   7|0x0000000082500000, 0x0000000082500000, 0x0000000082600000|  0%| F|  |TAMS 0x0000000082500000, 0x0000000082500000| Untracked 
|   8|0x0000000082600000, 0x0000000082600000, 0x0000000082700000|  0%| F|  |TAMS 0x0000000082600000, 0x0000000082600000| Untracked 
|   9|0x0000000082700000, 0x0000000082700000, 0x0000000082800000|  0%| F|  |TAMS 0x0000000082700000, 0x0000000082700000| Untracked 
|  10|0x0000000082800000, 0x0000000082800000, 0x0000000082900000|  0%| F|  |TAMS 0x0000000082800000, 0x0000000082800000| Untracked 
|  11|0x0000000082900000, 0x0000000082900000, 0x0000000082a00000|  0%| F|  |TAMS 0x0000000082900000, 0x0000000082900000| Untracked 
|  12|0x0000000082a00000, 0x0000000082a00000, 0x0000000082b00000|  0%| F|  |TAMS 0x0000000082a00000, 0x0000000082a00000| Untracked 
|  13|0x0000000082b00000, 0x0000000082b00000, 0x0000000082c00000|  0%| F|  |TAMS 0x0000000082b00000, 0x0000000082b00000| Untracked 
|  14|0x0000000082c00000, 0x0000000082c00000, 0x0000000082d00000|  0%| F|  |TAMS 0x0000000082c00000, 0x0000000082c00000| Untracked 
|  15|0x0000000082d00000, 0x0000000082d00000, 0x0000000082e00000|  0%| F|  |TAMS 0x0000000082d00000, 0x0000000082d00000| Untracked 
|  16|0x0000000082e00000, 0x0000000082e00000, 0x0000000082f00000|  0%| F|  |TAMS 0x0000000082e00000, 0x0000000082e00000| Untracked 
|  17|0x0000000082f00000, 0x0000000082f00000, 0x0000000083000000|  0%| F|  |TAMS 0x0000000082f00000, 0x0000000082f00000| Untracked 
|  18|0x0000000083000000, 0x0000000083000000, 0x0000000083100000|  0%| F|  |TAMS 0x0000000083000000, 0x0000000083000000| Untracked 
|  19|0x0000000083100000, 0x0000000083100000, 0x0000000083200000|  0%| F|  |TAMS 0x0000000083100000, 0x0000000083100000| Untracked 
|  20|0x0000000083200000, 0x0000000083200000, 0x0000000083300000|  0%| F|  |TAMS 0x0000000083200000, 0x0000000083200000| Untracked 
|  21|0x0000000083300000, 0x0000000083300000, 0x0000000083400000|  0%| F|  |TAMS 0x0000000083300000, 0x0000000083300000| Untracked 
|  22|0x0000000083400000, 0x0000000083400000, 0x0000000083500000|  0%| F|  |TAMS 0x0000000083400000, 0x0000000083400000| Untracked 
|  23|0x0000000083500000, 0x0000000083500000, 0x0000000083600000|  0%| F|  |TAMS 0x0000000083500000, 0x0000000083500000| Untracked 
|  24|0x0000000083600000, 0x0000000083600000, 0x0000000083700000|  0%| F|  |TAMS 0x0000000083600000, 0x0000000083600000| Untracked 
|  25|0x0000000083700000, 0x0000000083700000, 0x0000000083800000|  0%| F|  |TAMS 0x0000000083700000, 0x0000000083700000| Untracked 
|  26|0x0000000083800000, 0x0000000083800000, 0x0000000083900000|  0%| F|  |TAMS 0x0000000083800000, 0x0000000083800000| Untracked 
|  27|0x0000000083900000, 0x0000000083900000, 0x0000000083a00000|  0%| F|  |TAMS 0x0000000083900000, 0x0000000083900000| Untracked 
|  28|0x0000000083a00000, 0x0000000083a00000, 0x0000000083b00000|  0%| F|  |TAMS 0x0000000083a00000, 0x0000000083a00000| Untracked 
|  29|0x0000000083b00000, 0x0000000083b00000, 0x0000000083c00000|  0%| F|  |TAMS 0x0000000083b00000, 0x0000000083b00000| Untracked 
|  30|0x0000000083c00000, 0x0000000083c00000, 0x0000000083d00000|  0%| F|  |TAMS 0x0000000083c00000, 0x0000000083c00000| Untracked 
|  31|0x0000000083d00000, 0x0000000083d00000, 0x0000000083e00000|  0%| F|  |TAMS 0x0000000083d00000, 0x0000000083d00000| Untracked 
|  32|0x0000000083e00000, 0x0000000083e00000, 0x0000000083f00000|  0%| F|  |TAMS 0x0000000083e00000, 0x0000000083e00000| Untracked 
|  33|0x0000000083f00000, 0x0000000083f00000, 0x0000000084000000|  0%| F|  |TAMS 0x0000000083f00000, 0x0000000083f00000| Untracked 
|  34|0x0000000084000000, 0x0000000084000000, 0x0000000084100000|  0%| F|  |TAMS 0x0000000084000000, 0x0000000084000000| Untracked 
|  35|0x0000000084100000, 0x0000000084100000, 0x0000000084200000|  0%| F|  |TAMS 0x0000000084100000, 0x0000000084100000| Untracked 
|  36|0x0000000084200000, 0x0000000084200000, 0x0000000084300000|  0%| F|  |TAMS 0x0000000084200000, 0x0000000084200000| Untracked 
|  37|0x0000000084300000, 0x0000000084300000, 0x0000000084400000|  0%| F|  |TAMS 0x0000000084300000, 0x0000000084300000| Untracked 
|  38|0x0000000084400000, 0x0000000084400000, 0x0000000084500000|  0%| F|  |TAMS 0x0000000084400000, 0x0000000084400000| Untracked 
|  39|0x0000000084500000, 0x0000000084500000, 0x0000000084600000|  0%| F|  |TAMS 0x0000000084500000, 0x0000000084500000| Untracked 
|  40|0x0000000084600000, 0x0000000084600000, 0x0000000084700000|  0%| F|  |TAMS 0x0000000084600000, 0x0000000084600000| Untracked 
|  41|0x0000000084700000, 0x0000000084700000, 0x0000000084800000|  0%| F|  |TAMS 0x0000000084700000, 0x0000000084700000| Untracked 
|  42|0x0000000084800000, 0x0000000084800000, 0x0000000084900000|  0%| F|  |TAMS 0x0000000084800000, 0x0000000084800000| Untracked 
|  43|0x0000000084900000, 0x0000000084900000, 0x0000000084a00000|  0%| F|  |TAMS 0x0000000084900000, 0x0000000084900000| Untracked 
|  44|0x0000000084a00000, 0x0000000084a00000, 0x0000000084b00000|  0%| F|  |TAMS 0x0000000084a00000, 0x0000000084a00000| Untracked 
|  45|0x0000000084b00000, 0x0000000084b00000, 0x0000000084c00000|  0%| F|  |TAMS 0x0000000084b00000, 0x0000000084b00000| Untracked 
|  46|0x0000000084c00000, 0x0000000084c00000, 0x0000000084d00000|  0%| F|  |TAMS 0x0000000084c00000, 0x0000000084c00000| Untracked 
|  47|0x0000000084d00000, 0x0000000084d00000, 0x0000000084e00000|  0%| F|  |TAMS 0x0000000084d00000, 0x0000000084d00000| Untracked 
|  48|0x0000000084e00000, 0x0000000084e00000, 0x0000000084f00000|  0%| F|  |TAMS 0x0000000084e00000, 0x0000000084e00000| Untracked 
|  49|0x0000000084f00000, 0x0000000084f00000, 0x0000000085000000|  0%| F|  |TAMS 0x0000000084f00000, 0x0000000084f00000| Untracked 
|  50|0x0000000085000000, 0x0000000085000000, 0x0000000085100000|  0%| F|  |TAMS 0x0000000085000000, 0x0000000085000000| Untracked 
|  51|0x0000000085100000, 0x0000000085100000, 0x0000000085200000|  0%| F|  |TAMS 0x0000000085100000, 0x0000000085100000| Untracked 
|  52|0x0000000085200000, 0x0000000085200000, 0x0000000085300000|  0%| F|  |TAMS 0x0000000085200000, 0x0000000085200000| Untracked 
|  53|0x0000000085300000, 0x0000000085300000, 0x0000000085400000|  0%| F|  |TAMS 0x0000000085300000, 0x0000000085300000| Untracked 
|  54|0x0000000085400000, 0x0000000085400000, 0x0000000085500000|  0%| F|  |TAMS 0x0000000085400000, 0x0000000085400000| Untracked 
|  55|0x0000000085500000, 0x0000000085500000, 0x0000000085600000|  0%| F|  |TAMS 0x0000000085500000, 0x0000000085500000| Untracked 
|  56|0x0000000085600000, 0x0000000085600000, 0x0000000085700000|  0%| F|  |TAMS 0x0000000085600000, 0x0000000085600000| Untracked 
|  57|0x0000000085700000, 0x0000000085700000, 0x0000000085800000|  0%| F|  |TAMS 0x0000000085700000, 0x0000000085700000| Untracked 
|  58|0x0000000085800000, 0x0000000085800000, 0x0000000085900000|  0%| F|  |TAMS 0x0000000085800000, 0x0000000085800000| Untracked 
|  59|0x0000000085900000, 0x0000000085900000, 0x0000000085a00000|  0%| F|  |TAMS 0x0000000085900000, 0x0000000085900000| Untracked 
|  60|0x0000000085a00000, 0x0000000085a00000, 0x0000000085b00000|  0%| F|  |TAMS 0x0000000085a00000, 0x0000000085a00000| Untracked 
|  61|0x0000000085b00000, 0x0000000085b00000, 0x0000000085c00000|  0%| F|  |TAMS 0x0000000085b00000, 0x0000000085b00000| Untracked 
|  62|0x0000000085c00000, 0x0000000085c00000, 0x0000000085d00000|  0%| F|  |TAMS 0x0000000085c00000, 0x0000000085c00000| Untracked 
|  63|0x0000000085d00000, 0x0000000085d00000, 0x0000000085e00000|  0%| F|  |TAMS 0x0000000085d00000, 0x0000000085d00000| Untracked 
|  64|0x0000000085e00000, 0x0000000085e00000, 0x0000000085f00000|  0%| F|  |TAMS 0x0000000085e00000, 0x0000000085e00000| Untracked 
|  65|0x0000000085f00000, 0x0000000085f00000, 0x0000000086000000|  0%| F|  |TAMS 0x0000000085f00000, 0x0000000085f00000| Untracked 
|  66|0x0000000086000000, 0x0000000086000000, 0x0000000086100000|  0%| F|  |TAMS 0x0000000086000000, 0x0000000086000000| Untracked 
|  67|0x0000000086100000, 0x0000000086100000, 0x0000000086200000|  0%| F|  |TAMS 0x0000000086100000, 0x0000000086100000| Untracked 
|  68|0x0000000086200000, 0x0000000086200000, 0x0000000086300000|  0%| F|  |TAMS 0x0000000086200000, 0x0000000086200000| Untracked 
|  69|0x0000000086300000, 0x0000000086300000, 0x0000000086400000|  0%| F|  |TAMS 0x0000000086300000, 0x0000000086300000| Untracked 
|  70|0x0000000086400000, 0x0000000086400000, 0x0000000086500000|  0%| F|  |TAMS 0x0000000086400000, 0x0000000086400000| Untracked 
|  71|0x0000000086500000, 0x0000000086500000, 0x0000000086600000|  0%| F|  |TAMS 0x0000000086500000, 0x0000000086500000| Untracked 
|  72|0x0000000086600000, 0x0000000086600000, 0x0000000086700000|  0%| F|  |TAMS 0x0000000086600000, 0x0000000086600000| Untracked 
|  73|0x0000000086700000, 0x0000000086700000, 0x0000000086800000|  0%| F|  |TAMS 0x0000000086700000, 0x0000000086700000| Untracked 
|  74|0x0000000086800000, 0x0000000086800000, 0x0000000086900000|  0%| F|  |TAMS 0x0000000086800000, 0x0000000086800000| Untracked 
|  75|0x0000000086900000, 0x0000000086900000, 0x0000000086a00000|  0%| F|  |TAMS 0x0000000086900000, 0x0000000086900000| Untracked 
|  76|0x0000000086a00000, 0x0000000086a00000, 0x0000000086b00000|  0%| F|  |TAMS 0x0000000086a00000, 0x0000000086a00000| Untracked 
|  77|0x0000000086b00000, 0x0000000086b00000, 0x0000000086c00000|  0%| F|  |TAMS 0x0000000086b00000, 0x0000000086b00000| Untracked 
|  78|0x0000000086c00000, 0x0000000086c00000, 0x0000000086d00000|  0%| F|  |TAMS 0x0000000086c00000, 0x0000000086c00000| Untracked 
|  79|0x0000000086d00000, 0x0000000086d00000, 0x0000000086e00000|  0%| F|  |TAMS 0x0000000086d00000, 0x0000000086d00000| Untracked 
|  80|0x0000000086e00000, 0x0000000086e00000, 0x0000000086f00000|  0%| F|  |TAMS 0x0000000086e00000, 0x0000000086e00000| Untracked 
|  81|0x0000000086f00000, 0x0000000086f00000, 0x0000000087000000|  0%| F|  |TAMS 0x0000000086f00000, 0x0000000086f00000| Untracked 
|  82|0x0000000087000000, 0x0000000087000000, 0x0000000087100000|  0%| F|  |TAMS 0x0000000087000000, 0x0000000087000000| Untracked 
|  83|0x0000000087100000, 0x0000000087100000, 0x0000000087200000|  0%| F|  |TAMS 0x0000000087100000, 0x0000000087100000| Untracked 
|  84|0x0000000087200000, 0x0000000087200000, 0x0000000087300000|  0%| F|  |TAMS 0x0000000087200000, 0x0000000087200000| Untracked 
|  85|0x0000000087300000, 0x0000000087300000, 0x0000000087400000|  0%| F|  |TAMS 0x0000000087300000, 0x0000000087300000| Untracked 
|  86|0x0000000087400000, 0x0000000087400000, 0x0000000087500000|  0%| F|  |TAMS 0x0000000087400000, 0x0000000087400000| Untracked 
|  87|0x0000000087500000, 0x0000000087500000, 0x0000000087600000|  0%| F|  |TAMS 0x0000000087500000, 0x0000000087500000| Untracked 
|  88|0x0000000087600000, 0x0000000087600000, 0x0000000087700000|  0%| F|  |TAMS 0x0000000087600000, 0x0000000087600000| Untracked 
|  89|0x0000000087700000, 0x0000000087700000, 0x0000000087800000|  0%| F|  |TAMS 0x0000000087700000, 0x0000000087700000| Untracked 
|  90|0x0000000087800000, 0x0000000087800000, 0x0000000087900000|  0%| F|  |TAMS 0x0000000087800000, 0x0000000087800000| Untracked 
|  91|0x0000000087900000, 0x0000000087900000, 0x0000000087a00000|  0%| F|  |TAMS 0x0000000087900000, 0x0000000087900000| Untracked 
|  92|0x0000000087a00000, 0x0000000087a00000, 0x0000000087b00000|  0%| F|  |TAMS 0x0000000087a00000, 0x0000000087a00000| Untracked 
|  93|0x0000000087b00000, 0x0000000087b00000, 0x0000000087c00000|  0%| F|  |TAMS 0x0000000087b00000, 0x0000000087b00000| Untracked 
|  94|0x0000000087c00000, 0x0000000087c00000, 0x0000000087d00000|  0%| F|  |TAMS 0x0000000087c00000, 0x0000000087c00000| Untracked 
|  95|0x0000000087d00000, 0x0000000087d00000, 0x0000000087e00000|  0%| F|  |TAMS 0x0000000087d00000, 0x0000000087d00000| Untracked 
|  96|0x0000000087e00000, 0x0000000087e00000, 0x0000000087f00000|  0%| F|  |TAMS 0x0000000087e00000, 0x0000000087e00000| Untracked 
|  97|0x0000000087f00000, 0x0000000087f00000, 0x0000000088000000|  0%| F|  |TAMS 0x0000000087f00000, 0x0000000087f00000| Untracked 
|  98|0x0000000088000000, 0x0000000088000000, 0x0000000088100000|  0%| F|  |TAMS 0x0000000088000000, 0x0000000088000000| Untracked 
|  99|0x0000000088100000, 0x0000000088100000, 0x0000000088200000|  0%| F|  |TAMS 0x0000000088100000, 0x0000000088100000| Untracked 
| 100|0x0000000088200000, 0x0000000088200000, 0x0000000088300000|  0%| F|  |TAMS 0x0000000088200000, 0x0000000088200000| Untracked 
| 101|0x0000000088300000, 0x0000000088300000, 0x0000000088400000|  0%| F|  |TAMS 0x0000000088300000, 0x0000000088300000| Untracked 
| 102|0x0000000088400000, 0x0000000088400000, 0x0000000088500000|  0%| F|  |TAMS 0x0000000088400000, 0x0000000088400000| Untracked 
| 103|0x0000000088500000, 0x0000000088500000, 0x0000000088600000|  0%| F|  |TAMS 0x0000000088500000, 0x0000000088500000| Untracked 
| 104|0x0000000088600000, 0x0000000088600000, 0x0000000088700000|  0%| F|  |TAMS 0x0000000088600000, 0x0000000088600000| Untracked 
| 105|0x0000000088700000, 0x0000000088700000, 0x0000000088800000|  0%| F|  |TAMS 0x0000000088700000, 0x0000000088700000| Untracked 
| 106|0x0000000088800000, 0x0000000088800000, 0x0000000088900000|  0%| F|  |TAMS 0x0000000088800000, 0x0000000088800000| Untracked 
| 107|0x0000000088900000, 0x0000000088900000, 0x0000000088a00000|  0%| F|  |TAMS 0x0000000088900000, 0x0000000088900000| Untracked 
| 108|0x0000000088a00000, 0x0000000088a00000, 0x0000000088b00000|  0%| F|  |TAMS 0x0000000088a00000, 0x0000000088a00000| Untracked 
| 109|0x0000000088b00000, 0x0000000088b00000, 0x0000000088c00000|  0%| F|  |TAMS 0x0000000088b00000, 0x0000000088b00000| Untracked 
| 110|0x0000000088c00000, 0x0000000088c00000, 0x0000000088d00000|  0%| F|  |TAMS 0x0000000088c00000, 0x0000000088c00000| Untracked 
| 111|0x0000000088d00000, 0x0000000088d00000, 0x0000000088e00000|  0%| F|  |TAMS 0x0000000088d00000, 0x0000000088d00000| Untracked 
| 112|0x0000000088e00000, 0x0000000088e00000, 0x0000000088f00000|  0%| F|  |TAMS 0x0000000088e00000, 0x0000000088e00000| Untracked 
| 113|0x0000000088f00000, 0x0000000088f00000, 0x0000000089000000|  0%| F|  |TAMS 0x0000000088f00000, 0x0000000088f00000| Untracked 
| 114|0x0000000089000000, 0x0000000089000000, 0x0000000089100000|  0%| F|  |TAMS 0x0000000089000000, 0x0000000089000000| Untracked 
| 115|0x0000000089100000, 0x0000000089100000, 0x0000000089200000|  0%| F|  |TAMS 0x0000000089100000, 0x0000000089100000| Untracked 
| 116|0x0000000089200000, 0x0000000089200000, 0x0000000089300000|  0%| F|  |TAMS 0x0000000089200000, 0x0000000089200000| Untracked 
| 117|0x0000000089300000, 0x0000000089300000, 0x0000000089400000|  0%| F|  |TAMS 0x0000000089300000, 0x0000000089300000| Untracked 
| 118|0x0000000089400000, 0x0000000089480920, 0x0000000089500000| 50%| S|CS|TAMS 0x0000000089400000, 0x0000000089400000| Complete 
| 119|0x0000000089500000, 0x0000000089600000, 0x0000000089600000|100%| S|CS|TAMS 0x0000000089500000, 0x0000000089500000| Complete 
| 120|0x0000000089600000, 0x0000000089600000, 0x0000000089700000|  0%| F|  |TAMS 0x0000000089600000, 0x0000000089600000| Untracked 
| 121|0x0000000089700000, 0x0000000089700000, 0x0000000089800000|  0%| F|  |TAMS 0x0000000089700000, 0x0000000089700000| Untracked 
| 122|0x0000000089800000, 0x0000000089800000, 0x0000000089900000|  0%| F|  |TAMS 0x0000000089800000, 0x0000000089800000| Untracked 
| 123|0x0000000089900000, 0x0000000089900000, 0x0000000089a00000|  0%| F|  |TAMS 0x0000000089900000, 0x0000000089900000| Untracked 
| 124|0x0000000089a00000, 0x0000000089a00000, 0x0000000089b00000|  0%| F|  |TAMS 0x0000000089a00000, 0x0000000089a00000| Untracked 
| 125|0x0000000089b00000, 0x0000000089b00000, 0x0000000089c00000|  0%| F|  |TAMS 0x0000000089b00000, 0x0000000089b00000| Untracked 
| 126|0x0000000089c00000, 0x0000000089c00000, 0x0000000089d00000|  0%| F|  |TAMS 0x0000000089c00000, 0x0000000089c00000| Untracked 
| 127|0x0000000089d00000, 0x0000000089d00000, 0x0000000089e00000|  0%| F|  |TAMS 0x0000000089d00000, 0x0000000089d00000| Untracked 

Card table byte_map: [0x00000206da700000,0x00000206dab00000] _byte_map_base: 0x00000206da2f1000

Marking Bits (Prev, Next): (CMBitMap*) 0x00000206c2443ab8, (CMBitMap*) 0x00000206c2443af0
 Prev Bits: [0x00000206daf00000, 0x00000206dce88000)
 Next Bits: [0x00000206dce90000, 0x00000206dee18000)

Polling page: 0x00000206c0bf0000

Metaspace:

Usage:
  Non-class:      9.11 MB capacity,     9.00 MB ( 99%) used,    87.15 KB ( <1%) free+waste,    30.75 KB ( <1%) overhead. 
      Class:      1.11 MB capacity,  1010.82 KB ( 89%) used,   110.30 KB ( 10%) free+waste,    17.88 KB (  2%) overhead. 
       Both:     10.22 MB capacity,     9.98 MB ( 98%) used,   197.45 KB (  2%) free+waste,    48.63 KB ( <1%) overhead. 

Virtual space:
  Non-class space:       16.00 MB reserved,       9.25 MB ( 58%) committed 
      Class space:        1.00 GB reserved,       1.13 MB ( <1%) committed 
             Both:        1.02 GB reserved,      10.38 MB ( <1%) committed 

Chunk freelists:
   Non-Class:  1.75 KB
       Class:  1.63 KB
        Both:  3.38 KB

CodeHeap 'non-profiled nmethods': size=120000Kb used=169Kb max_used=169Kb free=119830Kb
 bounds [0x00000206d2370000, 0x00000206d25e0000, 0x00000206d98a0000]
CodeHeap 'profiled nmethods': size=120000Kb used=932Kb max_used=932Kb free=119067Kb
 bounds [0x00000206cae40000, 0x00000206cb0b0000, 0x00000206d2370000]
CodeHeap 'non-nmethods': size=5760Kb used=1125Kb max_used=1138Kb free=4634Kb
 bounds [0x00000206ca8a0000, 0x00000206cab10000, 0x00000206cae40000]
 total_blobs=1043 nmethods=590 adapters=365
 compilation: enabled
              stopped_count=0, restarted_count=0
 full_count=0

Compilation events (10 events):
Event: 0.295 Thread 0x00000206e271f800 nmethod 582 0x00000206d2398e10 code [0x00000206d2398fc0, 0x00000206d2399578]
Event: 0.295 Thread 0x00000206e271f800  568       4       jdk.internal.org.objectweb.asm.ByteVector::put12 (64 bytes)
Event: 0.295 Thread 0x00000206e190f000  587       3       jdk.internal.ref.CleanerImpl::getCleanerImpl (13 bytes)
Event: 0.295 Thread 0x00000206e190f000 nmethod 587 0x00000206caf27f10 code [0x00000206caf280c0, 0x00000206caf28368]
Event: 0.295 Thread 0x00000206e190f000  588       3       java.lang.ref.Cleaner$1::apply (9 bytes)
Event: 0.296 Thread 0x00000206e190f000 nmethod 588 0x00000206caf28490 code [0x00000206caf28640, 0x00000206caf28898]
Event: 0.300 Thread 0x00000206e271f800 nmethod 568 0x00000206d2399e90 code [0x00000206d239a020, 0x00000206d239a4b8]
Event: 0.300 Thread 0x00000206e271f800  566       4       jdk.internal.org.objectweb.asm.MethodWriter::visitVarInsn (300 bytes)
Event: 0.300 Thread 0x00000206e190f000  592       3       sun.awt.AppContext::getAppContext (51 bytes)
Event: 0.300 Thread 0x00000206e190f000 nmethod 592 0x00000206caf28990 code [0x00000206caf28b80, 0x00000206caf29138]

GC Heap History (2 events):
Event: 0.302 GC heap before
{Heap before GC invocations=0 (full 0):
 garbage-first heap   total 131072K, used 7168K [0x0000000081e00000, 0x0000000100000000)
  region size 1024K, 8 young (8192K), 0 survivors (0K)
 Metaspace       used 10222K, capacity 10469K, committed 10624K, reserved 1064960K
  class space    used 1010K, capacity 1139K, committed 1152K, reserved 1048576K
}
Event: 0.305 GC heap after
{Heap after GC invocations=1 (full 0):
 garbage-first heap   total 131072K, used 1538K [0x0000000081e00000, 0x0000000100000000)
  region size 1024K, 2 young (2048K), 2 survivors (2048K)
 Metaspace       used 10222K, capacity 10469K, committed 10624K, reserved 1064960K
  class space    used 1010K, capacity 1139K, committed 1152K, reserved 1048576K
}

Deoptimization events (1 events):
Event: 0.072 Thread 0x00000206c2406800 Uncommon trap: reason=unstable_if action=reinterpret pc=0x00000206d2374510 method=java.lang.String.hashCode()I @ 14 c2

Classes redefined (0 events):
No events

Internal exceptions (10 events):
Event: 0.247 Thread 0x00000206c2406800 Exception <a 'java/lang/NoSuchMethodError'{0x000000008981f050}: java.lang.invoke.DirectMethodHandle$Holder.invokeStatic(Ljava/lang/Object;ILjava/lang/Object;Ljava/lang/Object;Ljava/lang/Object;Ljava/lang/Object;)Ljava/lang/Object;> (0x000000008981f050) th
Event: 0.247 Thread 0x00000206c2406800 Exception <a 'java/lang/NoSuchMethodError'{0x0000000089826110}: java.lang.invoke.DirectMethodHandle$Holder.invokeStatic(Ljava/lang/Object;ILjava/lang/Object;Ljava/lang/Object;Ljava/lang/Object;)Ljava/lang/Object;> (0x0000000089826110) thrown at [./open/sr
Event: 0.248 Thread 0x00000206c2406800 Exception <a 'java/lang/NoSuchMethodError'{0x0000000089829c50}: java.lang.invoke.DirectMethodHandle$Holder.invokeSpecial(Ljava/lang/Object;Ljava/lang/Object;ILjava/lang/Object;Ljava/lang/Object;Ljava/lang/Object;)Ljava/lang/Object;> (0x0000000089829c50) t
Event: 0.249 Thread 0x00000206c2406800 Exception <a 'java/lang/NoSuchMethodError'{0x0000000089841528}: java.lang.invoke.DirectMethodHandle$Holder.invokeStatic(Ljava/lang/Object;ILjava/lang/Object;)Ljava/lang/Object;> (0x0000000089841528) thrown at [./open/src/hotspot/share/interpreter/linkReso
Event: 0.276 Thread 0x00000206c2406800 Exception <a 'java/lang/ClassNotFoundException'{0x00000000898ee580}: com/sun/swing/internal/plaf/metal/resources/spi/metalProvider> (0x00000000898ee580) thrown at [./open/src/hotspot/share/classfile/systemDictionary.cpp, line 228]
Event: 0.277 Thread 0x00000206c2406800 Exception <a 'java/lang/ClassNotFoundException'{0x00000000898f25c8}: com/sun/swing/internal/plaf/basic/resources/spi/basicProvider> (0x00000000898f25c8) thrown at [./open/src/hotspot/share/classfile/systemDictionary.cpp, line 228]
Event: 0.280 Thread 0x00000206c2406800 Exception <a 'java/lang/NoSuchMethodError'{0x000000008972d2e8}: java.lang.invoke.DirectMethodHandle$Holder.invokeStatic(Ljava/lang/Object;Ljava/lang/Object;Ljava/lang/Object;Ljava/lang/Object;Ljava/lang/Object;Ljava/lang/Object;Ljava/lang/Object;Ljava/lan
Event: 0.282 Thread 0x00000206c2406800 Exception <a 'java/lang/NoSuchMethodError'{0x000000008974b498}: java.lang.invoke.DirectMethodHandle$Holder.invokeStatic(Ljava/lang/Object;Ljava/lang/Object;Ljava/lang/Object;Ljava/lang/Object;Ljava/lang/Object;Ljava/lang/Object;Ljava/lang/Object;Ljava/lan
Event: 0.283 Thread 0x00000206c2406800 Exception <a 'java/lang/NoSuchMethodError'{0x000000008976a220}: java.lang.invoke.DirectMethodHandle$Holder.invokeStatic(Ljava/lang/Object;Ljava/lang/Object;Ljava/lang/Object;Ljava/lang/Object;Ljava/lang/Object;Ljava/lang/Object;Ljava/lang/Object;Ljava/lan
Event: 0.285 Thread 0x00000206c2406800 Exception <a 'java/lang/NoSuchMethodError'{0x000000008978a890}: java.lang.invoke.DirectMethodHandle$Holder.invokeStatic(Ljava/lang/Object;Ljava/lang/Object;Ljava/lang/Object;Ljava/lang/Object;Ljava/lang/Object;Ljava/lang/Object;Ljava/lang/Object;Ljava/lan

Events (10 events):
Event: 0.302 loading class javax/swing/plaf/basic/BasicLabelUI done
Event: 0.302 loading class javax/swing/plaf/metal/MetalLabelUI done
Event: 0.302 loading class javax/swing/plaf/metal/DefaultMetalTheme$FontDelegate$1
Event: 0.302 loading class javax/swing/plaf/metal/DefaultMetalTheme$FontDelegate$1 done
Event: 0.302 loading class javax/swing/plaf/basic/BasicHTML
Event: 0.302 loading class javax/swing/plaf/basic/BasicHTML done
Event: 0.302 loading class javax/swing/JScrollPane
Event: 0.302 loading class javax/swing/ScrollPaneConstants
Event: 0.302 loading class javax/swing/ScrollPaneConstants done
Event: 0.302 Executing VM operation: CollectForMetadataAllocation


Dynamic libraries:
0x00007ff6b9780000 - 0x00007ff6b978f000 	C:\Program Files\Java\jdk-11.0.10\bin\java.exe
0x00007fff68230000 - 0x00007fff68425000 	C:\WINDOWS\SYSTEM32\ntdll.dll
0x00007fff679d0000 - 0x00007fff67a8d000 	C:\WINDOWS\System32\KERNEL32.DLL
0x00007fff65d00000 - 0x00007fff65fc8000 	C:\WINDOWS\System32\KERNELBASE.dll
0x00007fff65bb0000 - 0x00007fff65cb0000 	C:\WINDOWS\System32\ucrtbase.dll
0x00007fff61490000 - 0x00007fff614a5000 	C:\Program Files\Java\jdk-11.0.10\bin\VCRUNTIME140.dll
0x00007fff5f960000 - 0x00007fff5f978000 	C:\Program Files\Java\jdk-11.0.10\bin\jli.dll
0x00007fff662f0000 - 0x00007fff6639c000 	C:\WINDOWS\System32\ADVAPI32.dll
0x00007fff67aa0000 - 0x00007fff67b3e000 	C:\WINDOWS\System32\msvcrt.dll
0x00007fff66610000 - 0x00007fff666ab000 	C:\WINDOWS\System32\sechost.dll
0x00007fff676a0000 - 0x00007fff677cb000 	C:\WINDOWS\System32\RPCRT4.dll
0x00007fff663a0000 - 0x00007fff66540000 	C:\WINDOWS\System32\USER32.dll
0x00007fff65a20000 - 0x00007fff65a42000 	C:\WINDOWS\System32\win32u.dll
0x00007fff46ca0000 - 0x00007fff46f3a000 	C:\WINDOWS\WinSxS\amd64_microsoft.windows.common-controls_6595b64144ccf1df_6.0.19041.844_none_ca00b6081b84eb1d\COMCTL32.dll
0x00007fff67860000 - 0x00007fff6788a000 	C:\WINDOWS\System32\GDI32.dll
0x00007fff66180000 - 0x00007fff6628b000 	C:\WINDOWS\System32\gdi32full.dll
0x00007fff66060000 - 0x00007fff660fd000 	C:\WINDOWS\System32\msvcp_win.dll
0x00007fff5e1b0000 - 0x00007fff5e1ba000 	C:\WINDOWS\SYSTEM32\VERSION.dll
0x00007fff67fb0000 - 0x00007fff67fe0000 	C:\WINDOWS\System32\IMM32.DLL
0x00007fff4f490000 - 0x00007fff4f52b000 	C:\Program Files\Java\jdk-11.0.10\bin\msvcp140.dll
0x00007fff21b60000 - 0x00007fff2265b000 	C:\Program Files\Java\jdk-11.0.10\bin\server\jvm.dll
0x00007fff666b0000 - 0x00007fff666b8000 	C:\WINDOWS\System32\PSAPI.DLL
0x00007fff614b0000 - 0x00007fff614b9000 	C:\WINDOWS\SYSTEM32\WSOCK32.dll
0x00007fff5b900000 - 0x00007fff5b927000 	C:\WINDOWS\SYSTEM32\WINMM.dll
0x00007fff66da0000 - 0x00007fff66e0b000 	C:\WINDOWS\System32\WS2_32.dll
0x00007fff638b0000 - 0x00007fff638c2000 	C:\WINDOWS\SYSTEM32\kernel.appcore.dll
0x00007fff61450000 - 0x00007fff61460000 	C:\Program Files\Java\jdk-11.0.10\bin\verify.dll
0x00007fff4e990000 - 0x00007fff4eb74000 	C:\WINDOWS\SYSTEM32\DBGHELP.DLL
0x00007fff54250000 - 0x00007fff5427c000 	C:\WINDOWS\SYSTEM32\dbgcore.DLL
0x00007fff66100000 - 0x00007fff66180000 	C:\WINDOWS\System32\bcryptPrimitives.dll
0x00007fff60820000 - 0x00007fff60848000 	C:\Program Files\Java\jdk-11.0.10\bin\java.dll
0x00007fff60800000 - 0x00007fff6080a000 	C:\Program Files\Java\jdk-11.0.10\bin\jimage.dll
0x00007fff600d0000 - 0x00007fff600e6000 	C:\Program Files\Java\jdk-11.0.10\bin\zip.dll
0x00007fff66e10000 - 0x00007fff67552000 	C:\WINDOWS\System32\SHELL32.dll
0x00007fff63ab0000 - 0x00007fff64241000 	C:\WINDOWS\SYSTEM32\windows.storage.dll
0x00007fff66a40000 - 0x00007fff66d95000 	C:\WINDOWS\System32\combase.dll
0x00007fff653e0000 - 0x00007fff6540c000 	C:\WINDOWS\SYSTEM32\Wldp.dll
0x00007fff67920000 - 0x00007fff679ce000 	C:\WINDOWS\System32\SHCORE.dll
0x00007fff68190000 - 0x00007fff681e5000 	C:\WINDOWS\System32\shlwapi.dll
0x00007fff658b0000 - 0x00007fff658cf000 	C:\WINDOWS\SYSTEM32\profapi.dll
0x00007fff45810000 - 0x00007fff459aa000 	C:\Program Files\Java\jdk-11.0.10\bin\awt.dll
0x00007fff66540000 - 0x00007fff6660d000 	C:\WINDOWS\System32\OLEAUT32.dll
0x00007fff63220000 - 0x00007fff632b0000 	C:\WINDOWS\SYSTEM32\apphelp.dll
0x00007fff633d0000 - 0x00007fff6346e000 	C:\WINDOWS\system32\uxtheme.dll
0x00007fff666c0000 - 0x00007fff667d5000 	C:\WINDOWS\System32\MSCTF.dll
0x00007fff66840000 - 0x00007fff6696a000 	C:\WINDOWS\System32\ole32.dll
0x00007fff635c0000 - 0x00007fff635ef000 	C:\WINDOWS\system32\DWMAPI.DLL

dbghelp: loaded successfully - version: 4.0.5 - missing functions: none
symbol engine: initialized successfully - sym options: 0x614 - pdb path: .;C:\Program Files\Java\jdk-11.0.10\bin;C:\WINDOWS\SYSTEM32;C:\WINDOWS\WinSxS\amd64_microsoft.windows.common-controls_6595b64144ccf1df_6.0.19041.844_none_ca00b6081b84eb1d;C:\Program Files\Java\jdk-11.0.10\bin\server

VM Arguments:
jvm_args: -Dfile.encoding=UTF-8 
java_command: Main
java_class_path (initial): C:\Users\nicol\OneDrive - UNIP\3ºSemestre\LPOO ou Java1\Atividade Aula\fonte meus\APS_Reciclagem\build\classes
Launcher Type: SUN_STANDARD

[Global flags]
     intx CICompilerCount                          = 4                                         {product} {ergonomic}
     uint ConcGCThreads                            = 2                                         {product} {ergonomic}
     uint G1ConcRefinementThreads                  = 8                                         {product} {ergonomic}
   size_t G1HeapRegionSize                         = 1048576                                   {product} {ergonomic}
    uintx GCDrainStackTargetSize                   = 64                                        {product} {ergonomic}
   size_t InitialHeapSize                          = 134217728                                 {product} {ergonomic}
   size_t MarkStackSize                            = 4194304                                   {product} {ergonomic}
   size_t MaxHeapSize                              = 2116026368                                {product} {ergonomic}
   size_t MaxNewSize                               = 1268776960                                {product} {ergonomic}
   size_t MinHeapDeltaBytes                        = 1048576                                   {product} {ergonomic}
    uintx NonNMethodCodeHeapSize                   = 5836300                                {pd product} {ergonomic}
    uintx NonProfiledCodeHeapSize                  = 122910970                              {pd product} {ergonomic}
    uintx ProfiledCodeHeapSize                     = 122910970                              {pd product} {ergonomic}
    uintx ReservedCodeCacheSize                    = 251658240                              {pd product} {ergonomic}
     bool SegmentedCodeCache                       = true                                      {product} {ergonomic}
     bool UseCompressedClassPointers               = true                                 {lp64_product} {ergonomic}
     bool UseCompressedOops                        = true                                 {lp64_product} {ergonomic}
     bool UseG1GC                                  = true                                      {product} {ergonomic}
     bool UseLargePagesIndividualAllocation        = false                                  {pd product} {ergonomic}

Logging:
Log output configuration:
 #0: stdout all=warning uptime,level,tags
 #1: stderr all=off uptime,level,tags

Environment Variables:
PATH=C:\Program Files\Common Files\Oracle\Java\javapath;C:\Program Files (x86)\Common Files\Oracle\Java\javapath;C:\Program Files (x86)\Intel\Intel(R) Management Engine Components\iCLS\;C:\Program Files\Intel\Intel(R) Management Engine Components\iCLS\;C:\WINDOWS\system32;C:\WINDOWS;C:\WINDOWS\System32\Wbem;C:\WINDOWS\System32\WindowsPowerShell\v1.0\;C:\WINDOWS\System32\OpenSSH\;C:\Program Files (x86)\Intel\Intel(R) Management Engine Components\DAL;C:\Program Files\Intel\Intel(R) Management Engine Components\DAL;C:\Program Files (x86)\Intel\Intel(R) Management Engine Components\IPT;C:\Program Files\Intel\Intel(R) Management Engine Components\IPT;C:\Program Files (x86)\Microsoft SQL Server\150\DTS\Binn\;C:\Program Files\Azure Data Studio\bin;C:\Program Files\Microsoft SQL Server\Client SDK\ODBC\170\Tools\Binn\;C:\Program Files (x86)\Microsoft SQL Server\150\Tools\Binn\;C:\Program Files\Microsoft SQL Server\150\Tools\Binn\;C:\Program Files\Microsoft SQL Server\150\DTS\Binn\;C:\Users\nicol\AppData\Local\Microsoft\WindowsApps;C:\Users\nicol\AppData\Local\GitHubDesktop\bin;C:\Users\nicol\AppData\Local\Programs\Microsoft VS Code\bin;C:\Program Files\Azure Data Studio\bin
USERNAME=nicol
OS=Windows_NT
PROCESSOR_IDENTIFIER=Intel64 Family 6 Model 142 Stepping 10, GenuineIntel



---------------  S Y S T E M  ---------------

OS: Windows 10 , 64 bit Build 19041 (10.0.19041.928)

CPU:total 8 (initial active 8) (4 cores per cpu, 2 threads per core) family 6 model 142 stepping 10 microcode 0xe0, cmov, cx8, fxsr, mmx, sse, sse2, sse3, ssse3, sse4.1, sse4.2, popcnt, avx, avx2, aes, clmul, erms, 3dnowpref, lzcnt, ht, tsc, tscinvbit, bmi1, bmi2, adx, fma

Memory: 4k page, system-wide physical 8067M (1308M free)
TotalPageFile size 8067M (AvailPageFile size 0M)
current process WorkingSet (physical memory assigned to process): 56M, peak: 56M
current process commit charge ("private bytes"): 219M, peak: 220M

vm_info: Java HotSpot(TM) 64-Bit Server VM (11.0.10+8-LTS-162) for windows-amd64 JRE (11.0.10+8-LTS-162), built on Dec  8 2020 16:32:57 by "mach5one" with MS VC++ 15.9 (VS2017)

END.
