#
# There is insufficient memory for the Java Runtime Environment to continue.
# Native memory allocation (malloc) failed to allocate 1048576 bytes for AllocateHeap
# Possible reasons:
#   The system is out of physical RAM or swap space
#   The process is running with CompressedOops enabled, and the Java Heap may be blocking the growth of the native heap
# Possible solutions:
#   Reduce memory load on the system
#   Increase physical memory or swap space
#   Check if swap backing store is full
#   Decrease Java heap size (-Xmx/-Xms)
#   Decrease number of Java threads
#   Decrease Java thread stack sizes (-Xss)
#   Set larger code cache with -XX:ReservedCodeCacheSize=
#   JVM is running with Unscaled Compressed Oops mode in which the Java heap is
#     placed in the first 4GB address space. The Java Heap base address is the
#     maximum limit for the native heap growth. Please use -XX:HeapBaseMinAddress
#     to set the Java Heap base and to place the Java Heap above 4GB virtual address.
# This output file may be truncated or incomplete.
#
#  Out of Memory Error (./open/src/hotspot/share/memory/allocation.cpp:46), pid=12044, tid=8232
#
# JRE version:  (11.0.10+8) (build )
# Java VM: Java HotSpot(TM) 64-Bit Server VM (11.0.10+8-LTS-162, mixed mode, sharing, tiered, compressed oops, g1 gc, windows-amd64)
# No core dump will be written. Minidumps are not enabled by default on client versions of Windows
#

---------------  S U M M A R Y ------------

Command Line: -Dapplication.home=C:\Program Files\Java\jdk-11.0.10 --add-modules=ALL-DEFAULT -Xms8m -Djdk.module.main=jdk.compiler jdk.compiler/com.sun.tools.javac.Main -d C:\Users\nicol\OneDrive - UNIP\3ºSemestre\LPOO ou Java1\Atividade Aula\fonte meus\APS_Reciclagem\build\classes -classpath C:\Users\nicol\OneDrive - UNIP\3ºSemestre\LPOO ou Java1\Atividade Aula\fonte meus\APS_Reciclagem\build\classes -sourcepath C:\Users\nicol\OneDrive - UNIP\3ºSemestre\LPOO ou Java1\Atividade Aula\fonte meus\APS_Reciclagem\src -target 11 -encoding UTF-8 -g -processorpath C:\Users\nicol\OneDrive - UNIP\3ºSemestre\LPOO ou Java1\Atividade Aula\fonte meus\APS_Reciclagem\build\empty -s C:\Users\nicol\OneDrive - UNIP\3ºSemestre\LPOO ou Java1\Atividade Aula\fonte meus\APS_Reciclagem\build\generated-sources\ap-source-output -source 11 C:\Users\nicol\OneDrive - UNIP\3ºSemestre\LPOO ou Java1\Atividade Aula\fonte meus\APS_Reciclagem\src\Main.java

Host: Intel(R) Core(TM) i5-8250U CPU @ 1.60GHz, 8 cores, 7G,  Windows 10 , 64 bit Build 19041 (10.0.19041.928)
Time: Mon May 10 13:55:52 2021 Hora oficial do Brasil elapsed time: 0.009328 seconds (0d 0h 0m 0s)

---------------  T H R E A D  ---------------

Current thread (0x000002bf50a4b000):  JavaThread "Unknown thread" [_thread_in_vm, id=8232, stack(0x000000d783200000,0x000000d783300000)]

Stack: [0x000000d783200000,0x000000d783300000]
Native frames: (J=compiled Java code, j=interpreted, Vv=VM code, C=native code)
V  [jvm.dll+0x613e6a]
V  [jvm.dll+0x74c1ff]
V  [jvm.dll+0x74d885]
V  [jvm.dll+0x74df03]
V  [jvm.dll+0x243b78]
V  [jvm.dll+0xb0f24]
V  [jvm.dll+0x2d1c18]
V  [jvm.dll+0x727d07]
V  [jvm.dll+0x7295bf]
V  [jvm.dll+0x34c4a9]
V  [jvm.dll+0x70d6b0]
V  [jvm.dll+0x3b584f]
V  [jvm.dll+0x3b7951]
C  [jli.dll+0x520b]
C  [ucrtbase.dll+0x21bb2]
C  [KERNEL32.DLL+0x17034]
C  [ntdll.dll+0x52651]


---------------  P R O C E S S  ---------------

Threads class SMR info:
_java_thread_list=0x000002bf4e823720, length=0, elements={
}

Java Threads: ( => current thread )

Other Threads:

[error occurred during error reporting (printing all threads), id 0xc0000005, EXCEPTION_ACCESS_VIOLATION (0xc0000005) at pc=0x00007fff2227275d]

VM state:not at safepoint (not fully initialized)

VM Mutex/Monitor currently owned by a thread: None


[error occurred during error reporting (printing compressed oops mode), id 0xc0000005, EXCEPTION_ACCESS_VIOLATION (0xc0000005) at pc=0x00007fff22288c07]

GC Heap History (0 events):
No events

Deoptimization events (0 events):
No events

Classes redefined (0 events):
No events

Internal exceptions (0 events):
No events

Events (0 events):
No events


Dynamic libraries:
0x00007ff647fb0000 - 0x00007ff647fb7000 	C:\Program Files\Java\jdk-11.0.10\bin\javac.exe
0x00007fff68230000 - 0x00007fff68425000 	C:\WINDOWS\SYSTEM32\ntdll.dll
0x00007fff679d0000 - 0x00007fff67a8d000 	C:\WINDOWS\System32\KERNEL32.DLL
0x00007fff65d00000 - 0x00007fff65fc8000 	C:\WINDOWS\System32\KERNELBASE.dll
0x00007fff65bb0000 - 0x00007fff65cb0000 	C:\WINDOWS\System32\ucrtbase.dll
0x00007fff61490000 - 0x00007fff614a5000 	C:\Program Files\Java\jdk-11.0.10\bin\VCRUNTIME140.dll
0x00007fff5f960000 - 0x00007fff5f978000 	C:\Program Files\Java\jdk-11.0.10\bin\jli.dll
0x00007fff662f0000 - 0x00007fff6639c000 	C:\WINDOWS\System32\ADVAPI32.dll
0x00007fff67aa0000 - 0x00007fff67b3e000 	C:\WINDOWS\System32\msvcrt.dll
0x00007fff66610000 - 0x00007fff666ab000 	C:\WINDOWS\System32\sechost.dll
0x00007fff676a0000 - 0x00007fff677cb000 	C:\WINDOWS\System32\RPCRT4.dll
0x00007fff663a0000 - 0x00007fff66540000 	C:\WINDOWS\System32\USER32.dll
0x00007fff65a20000 - 0x00007fff65a42000 	C:\WINDOWS\System32\win32u.dll
0x00007fff46ca0000 - 0x00007fff46f3a000 	C:\WINDOWS\WinSxS\amd64_microsoft.windows.common-controls_6595b64144ccf1df_6.0.19041.844_none_ca00b6081b84eb1d\COMCTL32.dll
0x00007fff67860000 - 0x00007fff6788a000 	C:\WINDOWS\System32\GDI32.dll
0x00007fff66180000 - 0x00007fff6628b000 	C:\WINDOWS\System32\gdi32full.dll
0x00007fff66060000 - 0x00007fff660fd000 	C:\WINDOWS\System32\msvcp_win.dll
0x00007fff5e1b0000 - 0x00007fff5e1ba000 	C:\WINDOWS\SYSTEM32\VERSION.dll
0x00007fff67fb0000 - 0x00007fff67fe0000 	C:\WINDOWS\System32\IMM32.DLL
0x00007fff4f490000 - 0x00007fff4f52b000 	C:\Program Files\Java\jdk-11.0.10\bin\msvcp140.dll
0x00007fff21b60000 - 0x00007fff2265b000 	C:\Program Files\Java\jdk-11.0.10\bin\server\jvm.dll
0x00007fff666b0000 - 0x00007fff666b8000 	C:\WINDOWS\System32\PSAPI.DLL
0x00007fff614b0000 - 0x00007fff614b9000 	C:\WINDOWS\SYSTEM32\WSOCK32.dll
0x00007fff66da0000 - 0x00007fff66e0b000 	C:\WINDOWS\System32\WS2_32.dll
0x00007fff5b900000 - 0x00007fff5b927000 	C:\WINDOWS\SYSTEM32\WINMM.dll
0x00007fff638b0000 - 0x00007fff638c2000 	C:\WINDOWS\SYSTEM32\kernel.appcore.dll
0x00007fff61450000 - 0x00007fff61460000 	C:\Program Files\Java\jdk-11.0.10\bin\verify.dll
0x00007fff4e990000 - 0x00007fff4eb74000 	C:\WINDOWS\SYSTEM32\DBGHELP.DLL
0x00007fff54250000 - 0x00007fff5427c000 	C:\WINDOWS\SYSTEM32\dbgcore.DLL
0x00007fff66100000 - 0x00007fff66180000 	C:\WINDOWS\System32\bcryptPrimitives.dll
0x00007fff60820000 - 0x00007fff60848000 	C:\Program Files\Java\jdk-11.0.10\bin\java.dll
0x00007fff60800000 - 0x00007fff6080a000 	C:\Program Files\Java\jdk-11.0.10\bin\jimage.dll
0x00007fff600d0000 - 0x00007fff600e6000 	C:\Program Files\Java\jdk-11.0.10\bin\zip.dll

dbghelp: loaded successfully - version: 4.0.5 - missing functions: none
symbol engine: initialized successfully - sym options: 0x614 - pdb path: .;C:\Program Files\Java\jdk-11.0.10\bin;C:\WINDOWS\SYSTEM32;C:\WINDOWS\WinSxS\amd64_microsoft.windows.common-controls_6595b64144ccf1df_6.0.19041.844_none_ca00b6081b84eb1d;C:\Program Files\Java\jdk-11.0.10\bin\server

VM Arguments:
jvm_args: -Dapplication.home=C:\Program Files\Java\jdk-11.0.10 --add-modules=ALL-DEFAULT -Xms8m -Djdk.module.main=jdk.compiler 
java_command: jdk.compiler/com.sun.tools.javac.Main -d C:\Users\nicol\OneDrive - UNIP\3ºSemestre\LPOO ou Java1\Atividade Aula\fonte meus\APS_Reciclagem\build\classes -classpath C:\Users\nicol\OneDrive - UNIP\3ºSemestre\LPOO ou Java1\Atividade Aula\fonte meus\APS_Reciclagem\build\classes -sourcepath C:\Users\nicol\OneDrive - UNIP\3ºSemestre\LPOO ou Java1\Atividade Aula\fonte meus\APS_Reciclagem\src -target 11 -encoding UTF-8 -g -processorpath C:\Users\nicol\OneDrive - UNIP\3ºSemestre\LPOO ou Java1\Atividade Aula\fonte meus\APS_Reciclagem\build\empty -s C:\Users\nicol\OneDrive - UNIP\3ºSemestre\LPOO ou Java1\Atividade Aula\fonte meus\APS_Reciclagem\build\generated-sources\ap-source-output -source 11 C:\Users\nicol\OneDrive - UNIP\3ºSemestre\LPOO ou Java1\Atividade Aula\fonte meus\APS_Reciclagem\src\Main.java
java_class_path (initial): <not set>
Launcher Type: SUN_STANDARD

[Global flags]
     intx CICompilerCount                          = 4                                         {product} {ergonomic}
     uint G1ConcRefinementThreads                  = 8                                         {product} {ergonomic}
   size_t G1HeapRegionSize                         = 1048576                                   {product} {ergonomic}
    uintx GCDrainStackTargetSize                   = 64                                        {product} {ergonomic}
   size_t InitialHeapSize                          = 8388608                                   {product} {command line}
   size_t MaxHeapSize                              = 2116026368                                {product} {ergonomic}
   size_t MinHeapDeltaBytes                        = 1048576                                   {product} {ergonomic}
    uintx NonNMethodCodeHeapSize                   = 5836300                                {pd product} {ergonomic}
    uintx NonProfiledCodeHeapSize                  = 122910970                              {pd product} {ergonomic}
    uintx ProfiledCodeHeapSize                     = 122910970                              {pd product} {ergonomic}
    uintx ReservedCodeCacheSize                    = 251658240                              {pd product} {ergonomic}
     bool SegmentedCodeCache                       = true                                      {product} {ergonomic}
     bool UseCompressedClassPointers               = true                                 {lp64_product} {ergonomic}
     bool UseCompressedOops                        = true                                 {lp64_product} {ergonomic}
     bool UseG1GC                                  = true                                      {product} {ergonomic}
     bool UseLargePagesIndividualAllocation        = false                                  {pd product} {ergonomic}

Logging:
Log output configuration:
 #0: stdout all=warning uptime,level,tags
 #1: stderr all=off uptime,level,tags

Environment Variables:
PATH=C:\Program Files\Common Files\Oracle\Java\javapath;C:\Program Files (x86)\Common Files\Oracle\Java\javapath;C:\Program Files (x86)\Intel\Intel(R) Management Engine Components\iCLS\;C:\Program Files\Intel\Intel(R) Management Engine Components\iCLS\;C:\WINDOWS\system32;C:\WINDOWS;C:\WINDOWS\System32\Wbem;C:\WINDOWS\System32\WindowsPowerShell\v1.0\;C:\WINDOWS\System32\OpenSSH\;C:\Program Files (x86)\Intel\Intel(R) Management Engine Components\DAL;C:\Program Files\Intel\Intel(R) Management Engine Components\DAL;C:\Program Files (x86)\Intel\Intel(R) Management Engine Components\IPT;C:\Program Files\Intel\Intel(R) Management Engine Components\IPT;C:\Program Files (x86)\Microsoft SQL Server\150\DTS\Binn\;C:\Program Files\Azure Data Studio\bin;C:\Program Files\Microsoft SQL Server\Client SDK\ODBC\170\Tools\Binn\;C:\Program Files (x86)\Microsoft SQL Server\150\Tools\Binn\;C:\Program Files\Microsoft SQL Server\150\Tools\Binn\;C:\Program Files\Microsoft SQL Server\150\DTS\Binn\;C:\Users\nicol\AppData\Local\Microsoft\WindowsApps;C:\Users\nicol\AppData\Local\GitHubDesktop\bin;C:\Users\nicol\AppData\Local\Programs\Microsoft VS Code\bin;C:\Program Files\Azure Data Studio\bin
USERNAME=nicol
OS=Windows_NT
PROCESSOR_IDENTIFIER=Intel64 Family 6 Model 142 Stepping 10, GenuineIntel



---------------  S Y S T E M  ---------------

OS: Windows 10 , 64 bit Build 19041 (10.0.19041.928)

CPU:total 8 (initial active 8) (4 cores per cpu, 2 threads per core) family 6 model 142 stepping 10 microcode 0xe0, cmov, cx8, fxsr, mmx, sse, sse2, sse3, ssse3, sse4.1, sse4.2, popcnt, avx, avx2, aes, clmul, erms, 3dnowpref, lzcnt, ht, tsc, tscinvbit, bmi1, bmi2, adx, fma

Memory: 4k page, system-wide physical 8067M (1322M free)
TotalPageFile size 8067M (AvailPageFile size 5M)
current process WorkingSet (physical memory assigned to process): 9M, peak: 9M
current process commit charge ("private bytes"): 15M, peak: 16M

vm_info: Java HotSpot(TM) 64-Bit Server VM (11.0.10+8-LTS-162) for windows-amd64 JRE (11.0.10+8-LTS-162), built on Dec  8 2020 16:32:57 by "mach5one" with MS VC++ 15.9 (VS2017)

END.
