#
# There is insufficient memory for the Java Runtime Environment to continue.
# Native memory allocation (mmap) failed to map 134217728 bytes for Failed to commit area from 0x0000000081e00000 to 0x0000000089e00000 of length 134217728.
# Possible reasons:
#   The system is out of physical RAM or swap space
#   The process is running with CompressedOops enabled, and the Java Heap may be blocking the growth of the native heap
# Possible solutions:
#   Reduce memory load on the system
#   Increase physical memory or swap space
#   Check if swap backing store is full
#   Decrease Java heap size (-Xmx/-Xms)
#   Decrease number of Java threads
#   Decrease Java thread stack sizes (-Xss)
#   Set larger code cache with -XX:ReservedCodeCacheSize=
# This output file may be truncated or incomplete.
#
#  Out of Memory Error (./open/src/hotspot/os/windows/os_windows.cpp:3273), pid=8452, tid=1796
#
# JRE version:  (11.0.10+8) (build )
# Java VM: Java HotSpot(TM) 64-Bit Server VM (11.0.10+8-LTS-162, mixed mode, sharing, tiered, compressed oops, g1 gc, windows-amd64)
# No core dump will be written. Minidumps are not enabled by default on client versions of Windows
#

---------------  S U M M A R Y ------------

Command Line: -Dfile.encoding=UTF-8 control.Main

Host: Intel(R) Core(TM) i5-8250U CPU @ 1.60GHz, 8 cores, 7G,  Windows 10 , 64 bit Build 19041 (10.0.19041.928)
Time: Tue May 11 19:33:35 2021 Hora oficial do Brasil elapsed time: 0.014229 seconds (0d 0h 0m 0s)

---------------  T H R E A D  ---------------

Current thread (0x0000022e96104800):  JavaThread "Unknown thread" [_thread_in_vm, id=1796, stack(0x0000004a4d600000,0x0000004a4d700000)]

Stack: [0x0000004a4d600000,0x0000004a4d700000]
Native frames: (J=compiled Java code, j=interpreted, Vv=VM code, C=native code)
V  [jvm.dll+0x613e6a]
V  [jvm.dll+0x74c1ff]
V  [jvm.dll+0x74d885]
V  [jvm.dll+0x74df03]
V  [jvm.dll+0x243b78]
V  [jvm.dll+0x61125a]
V  [jvm.dll+0x606165]
V  [jvm.dll+0x2f85fc]
V  [jvm.dll+0x2f8482]
V  [jvm.dll+0x2fd136]
V  [jvm.dll+0x33f6bf]
V  [jvm.dll+0x33f0f0]
V  [jvm.dll+0x2d5d08]
V  [jvm.dll+0x2d6e66]
V  [jvm.dll+0x727d17]
V  [jvm.dll+0x7295bf]
V  [jvm.dll+0x34c4a9]
V  [jvm.dll+0x70d6b0]
V  [jvm.dll+0x3b584f]
V  [jvm.dll+0x3b7951]
C  [jli.dll+0x520b]
C  [ucrtbase.dll+0x21bb2]
C  [KERNEL32.DLL+0x17034]
C  [ntdll.dll+0x52651]


---------------  P R O C E S S  ---------------

Threads class SMR info:
_java_thread_list=0x0000022e94730f00, length=0, elements={
}

Java Threads: ( => current thread )

Other Threads:
  0x0000022e9611b000 GCTaskThread "GC Thread#0" [stack: 0x0000004a4d700000,0x0000004a4d800000] [id=5804]
  0x0000022e9614d800 ConcurrentGCThread "G1 Main Marker" [stack: 0x0000004a4d800000,0x0000004a4d900000] [id=9064]
  0x0000022e96150000 ConcurrentGCThread "G1 Conc#0" [stack: 0x0000004a4d900000,0x0000004a4da00000] [id=4068]

[error occurred during error reporting (printing all threads), id 0xc0000005, EXCEPTION_ACCESS_VIOLATION (0xc0000005) at pc=0x00007ffadf684f57]

VM state:not at safepoint (not fully initialized)

VM Mutex/Monitor currently owned by a thread:  ([mutex/lock_event])
[0x0000022e96102a10] Heap_lock - owner thread: 0x0000022e96104800

Heap address: 0x0000000081e00000, size: 2018 MB, Compressed Oops mode: Non-zero based: 0x0000000081e00000
Narrow klass base: 0x0000000000000000, Narrow klass shift: 0

GC Heap History (0 events):
No events

Deoptimization events (0 events):
No events

Classes redefined (0 events):
No events

Internal exceptions (0 events):
No events

Events (0 events):
No events


Dynamic libraries:
0x00007ff78bff0000 - 0x00007ff78bfff000 	C:\Program Files\Java\jdk-11.0.10\bin\java.exe
0x00007ffafc9f0000 - 0x00007ffafcbe5000 	C:\WINDOWS\SYSTEM32\ntdll.dll
0x00007ffafba70000 - 0x00007ffafbb2d000 	C:\WINDOWS\System32\KERNEL32.DLL
0x00007ffafa130000 - 0x00007ffafa3f8000 	C:\WINDOWS\System32\KERNELBASE.dll
0x00007ffafa6b0000 - 0x00007ffafa7b0000 	C:\WINDOWS\System32\ucrtbase.dll
0x00007ffaf5c10000 - 0x00007ffaf5c25000 	C:\Program Files\Java\jdk-11.0.10\bin\VCRUNTIME140.dll
0x00007ffae58b0000 - 0x00007ffae58c8000 	C:\Program Files\Java\jdk-11.0.10\bin\jli.dll
0x00007ffafaca0000 - 0x00007ffafad4c000 	C:\WINDOWS\System32\ADVAPI32.dll
0x00007ffafb2d0000 - 0x00007ffafb36e000 	C:\WINDOWS\System32\msvcrt.dll
0x00007ffafc020000 - 0x00007ffafc0bb000 	C:\WINDOWS\System32\sechost.dll
0x00007ffafc880000 - 0x00007ffafc9ab000 	C:\WINDOWS\System32\RPCRT4.dll
0x00007ffafab00000 - 0x00007ffafaca0000 	C:\WINDOWS\System32\USER32.dll
0x00007ffafa400000 - 0x00007ffafa422000 	C:\WINDOWS\System32\win32u.dll
0x00007ffafb370000 - 0x00007ffafb39a000 	C:\WINDOWS\System32\GDI32.dll
0x00007ffafa7b0000 - 0x00007ffafa8bb000 	C:\WINDOWS\System32\gdi32full.dll
0x00007ffafa5c0000 - 0x00007ffafa65d000 	C:\WINDOWS\System32\msvcp_win.dll
0x00007ffae35f0000 - 0x00007ffae388a000 	C:\WINDOWS\WinSxS\amd64_microsoft.windows.common-controls_6595b64144ccf1df_6.0.19041.844_none_ca00b6081b84eb1d\COMCTL32.dll
0x00007ffaf2d70000 - 0x00007ffaf2d7a000 	C:\WINDOWS\SYSTEM32\VERSION.dll
0x00007ffafbe50000 - 0x00007ffafbe80000 	C:\WINDOWS\System32\IMM32.DLL
0x00007ffaea7b0000 - 0x00007ffaea84b000 	C:\Program Files\Java\jdk-11.0.10\bin\msvcp140.dll
0x00007ffadf3a0000 - 0x00007ffadfe9b000 	C:\Program Files\Java\jdk-11.0.10\bin\server\jvm.dll
0x00007ffafae00000 - 0x00007ffafae08000 	C:\WINDOWS\System32\PSAPI.DLL
0x00007ffaf7010000 - 0x00007ffaf7019000 	C:\WINDOWS\SYSTEM32\WSOCK32.dll
0x00007ffaeb650000 - 0x00007ffaeb677000 	C:\WINDOWS\SYSTEM32\WINMM.dll
0x00007ffafc0c0000 - 0x00007ffafc12b000 	C:\WINDOWS\System32\WS2_32.dll
0x00007ffaf8070000 - 0x00007ffaf8082000 	C:\WINDOWS\SYSTEM32\kernel.appcore.dll
0x00007ffaf70b0000 - 0x00007ffaf70c0000 	C:\Program Files\Java\jdk-11.0.10\bin\verify.dll
0x00007ffae3da0000 - 0x00007ffae3f84000 	C:\WINDOWS\SYSTEM32\DBGHELP.DLL
0x00007ffae3bf0000 - 0x00007ffae3c1c000 	C:\WINDOWS\SYSTEM32\dbgcore.DLL
0x00007ffafa430000 - 0x00007ffafa4b0000 	C:\WINDOWS\System32\bcryptPrimitives.dll
0x00007ffaeaa90000 - 0x00007ffaeaab8000 	C:\Program Files\Java\jdk-11.0.10\bin\java.dll
0x00007ffaf5c00000 - 0x00007ffaf5c0a000 	C:\Program Files\Java\jdk-11.0.10\bin\jimage.dll
0x00007ffaf57b0000 - 0x00007ffaf57c6000 	C:\Program Files\Java\jdk-11.0.10\bin\zip.dll

dbghelp: loaded successfully - version: 4.0.5 - missing functions: none
symbol engine: initialized successfully - sym options: 0x614 - pdb path: .;C:\Program Files\Java\jdk-11.0.10\bin;C:\WINDOWS\SYSTEM32;C:\WINDOWS\WinSxS\amd64_microsoft.windows.common-controls_6595b64144ccf1df_6.0.19041.844_none_ca00b6081b84eb1d;C:\Program Files\Java\jdk-11.0.10\bin\server

VM Arguments:
jvm_args: -Dfile.encoding=UTF-8 
java_command: control.Main
java_class_path (initial): C:\Users\nicol\OneDrive - UNIP\3ºSemestre\APS\APS_Reciclagem\build\classes
Launcher Type: SUN_STANDARD

[Global flags]
     intx CICompilerCount                          = 4                                         {product} {ergonomic}
     uint ConcGCThreads                            = 2                                         {product} {ergonomic}
     uint G1ConcRefinementThreads                  = 8                                         {product} {ergonomic}
   size_t G1HeapRegionSize                         = 1048576                                   {product} {ergonomic}
    uintx GCDrainStackTargetSize                   = 64                                        {product} {ergonomic}
   size_t InitialHeapSize                          = 134217728                                 {product} {ergonomic}
   size_t MarkStackSize                            = 4194304                                   {product} {ergonomic}
   size_t MaxHeapSize                              = 2116026368                                {product} {ergonomic}
   size_t MinHeapDeltaBytes                        = 1048576                                   {product} {ergonomic}
    uintx NonNMethodCodeHeapSize                   = 5836300                                {pd product} {ergonomic}
    uintx NonProfiledCodeHeapSize                  = 122910970                              {pd product} {ergonomic}
    uintx ProfiledCodeHeapSize                     = 122910970                              {pd product} {ergonomic}
    uintx ReservedCodeCacheSize                    = 251658240                              {pd product} {ergonomic}
     bool SegmentedCodeCache                       = true                                      {product} {ergonomic}
     bool UseCompressedClassPointers               = true                                 {lp64_product} {ergonomic}
     bool UseCompressedOops                        = true                                 {lp64_product} {ergonomic}
     bool UseG1GC                                  = true                                      {product} {ergonomic}
     bool UseLargePagesIndividualAllocation        = false                                  {pd product} {ergonomic}

Logging:
Log output configuration:
 #0: stdout all=warning uptime,level,tags
 #1: stderr all=off uptime,level,tags

Environment Variables:
PATH=C:\Program Files\Common Files\Oracle\Java\javapath;C:\Program Files (x86)\Common Files\Oracle\Java\javapath;C:\Program Files (x86)\Intel\Intel(R) Management Engine Components\iCLS\;C:\Program Files\Intel\Intel(R) Management Engine Components\iCLS\;C:\WINDOWS\system32;C:\WINDOWS;C:\WINDOWS\System32\Wbem;C:\WINDOWS\System32\WindowsPowerShell\v1.0\;C:\WINDOWS\System32\OpenSSH\;C:\Program Files (x86)\Intel\Intel(R) Management Engine Components\DAL;C:\Program Files\Intel\Intel(R) Management Engine Components\DAL;C:\Program Files (x86)\Intel\Intel(R) Management Engine Components\IPT;C:\Program Files\Intel\Intel(R) Management Engine Components\IPT;C:\Program Files (x86)\Microsoft SQL Server\150\DTS\Binn\;C:\Program Files\Azure Data Studio\bin;C:\Program Files\Microsoft SQL Server\Client SDK\ODBC\170\Tools\Binn\;C:\Program Files (x86)\Microsoft SQL Server\150\Tools\Binn\;C:\Program Files\Microsoft SQL Server\150\Tools\Binn\;C:\Program Files\Microsoft SQL Server\150\DTS\Binn\;C:\Users\nicol\AppData\Local\Microsoft\WindowsApps;C:\Users\nicol\AppData\Local\GitHubDesktop\bin;C:\Users\nicol\AppData\Local\Programs\Microsoft VS Code\bin;C:\Program Files\Azure Data Studio\bin
USERNAME=nicol
OS=Windows_NT
PROCESSOR_IDENTIFIER=Intel64 Family 6 Model 142 Stepping 10, GenuineIntel



---------------  S Y S T E M  ---------------

OS: Windows 10 , 64 bit Build 19041 (10.0.19041.928)

CPU:total 8 (initial active 8) (4 cores per cpu, 2 threads per core) family 6 model 142 stepping 10 microcode 0xe0, cmov, cx8, fxsr, mmx, sse, sse2, sse3, ssse3, sse4.1, sse4.2, popcnt, avx, avx2, aes, clmul, erms, 3dnowpref, lzcnt, ht, tsc, tscinvbit, bmi1, bmi2, adx, fma

Memory: 4k page, system-wide physical 8067M (1488M free)
TotalPageFile size 8067M (AvailPageFile size 69M)
current process WorkingSet (physical memory assigned to process): 9M, peak: 9M
current process commit charge ("private bytes"): 60M, peak: 188M

vm_info: Java HotSpot(TM) 64-Bit Server VM (11.0.10+8-LTS-162) for windows-amd64 JRE (11.0.10+8-LTS-162), built on Dec  8 2020 16:32:57 by "mach5one" with MS VC++ 15.9 (VS2017)

END.
